#
# A fatal error has been detected by the Java Runtime Environment:
#
#  EXCEPTION_ACCESS_VIOLATION (0xc0000005) at pc=0x00007ffd55cdcf02, pid=38360, tid=42348
#
# JRE version: OpenJDK Runtime Environment (20.0+36) (build 20+36-2344)
# Java VM: OpenJDK 64-Bit Server VM (20+36-2344, mixed mode, emulated-client, sharing, tiered, compressed oops, compressed class ptrs, g1 gc, windows-amd64)
# Problematic frame:
# V  [jvm.dll+0x35cf02]
#
# No core dump will be written. Minidumps are not enabled by default on client versions of Windows
#
# If you would like to submit a bug report, please visit:
#   https://bugreport.java.com/bugreport/crash.jsp
#

---------------  S U M M A R Y ------------

Command Line: -XX:+ShowCodeDetailsInExceptionMessages -agentlib:jdwp=transport=dt_socket,suspend=y,address=localhost:61678 -Dcom.sun.management.jmxremote -Dcom.sun.management.jmxremote.port=61675 -Dcom.sun.management.jmxremote.authenticate=false -Dcom.sun.management.jmxremote.ssl=false -Djava.rmi.server.hostname=localhost -Dspring.jmx.enabled=true -Dmanagement.endpoints.jmx.exposure.include=* -Dspring.application.admin.enabled=true -XX:TieredStopAtLevel=1 -Dspring.boot.project.name=gesventas -javaagent:C:\Users\pedro\eclipse\jee-2023-12\eclipse\configuration\org.eclipse.osgi\434\0\.cp\lib\javaagent-shaded.jar -Dfile.encoding=UTF-8 -Dstdout.encoding=UTF-8 -Dstderr.encoding=UTF-8 com.ayalait.gesventas.GesVentas --spring.output.ansi.enabled=always

Host: Intel(R) Core(TM) i7-10510U CPU @ 1.80GHz, 8 cores, 15G,  Windows 11 , 64 bit Build 26100 (10.0.26100.1)
Time: Sun Apr 21 16:40:43 2024 Hora estándar de Montevideo elapsed time: 142283.225756 seconds (1d 15h 31m 23s)

---------------  T H R E A D  ---------------

Current thread (0x000001c9c7f0e4d0):  WorkerThread "GC Thread#3" [stack: 0x0000009cb5800000,0x0000009cb5900000] [id=42348]

Stack: [0x0000009cb5800000,0x0000009cb5900000],  sp=0x0000009cb58fe190,  free space=1016k
Native frames: (J=compiled Java code, j=interpreted, Vv=VM code, C=native code)
V  [jvm.dll+0x35cf02]
V  [jvm.dll+0x36c428]
V  [jvm.dll+0x31781d]
V  [jvm.dll+0x31725d]
V  [jvm.dll+0x3f19b5]
V  [jvm.dll+0x7f4c86]
V  [jvm.dll+0x7fe811]
V  [jvm.dll+0x36ca1a]
V  [jvm.dll+0x36c8b4]
V  [jvm.dll+0x373eb4]
V  [jvm.dll+0x37402b]
V  [jvm.dll+0x875777]
V  [jvm.dll+0x7f4906]
V  [jvm.dll+0x6ba5cb]
C  [ucrtbase.dll+0x43340]
C  [KERNEL32.DLL+0x31fd7]
C  [ntdll.dll+0x6d7d0]

JavaThread 0x000001c9c779e500 (nid = 40056) was being processed
Java frames: (J=compiled Java code, j=interpreted, Vv=VM code)
j  java.lang.invoke.DirectMethodHandle$Holder.newInvokeSpecial(Ljava/lang/Object;)Ljava/lang/Object;+15 java.base@20
J 100019 c1 jdk.internal.reflect.DirectConstructorHandleAccessor.newInstance([Ljava/lang/Object;)Ljava/lang/Object; java.base@20 (148 bytes) @ 0x000001c9b7e16f34 [0x000001c9b7e16c40+0x00000000000002f4]
J 99977 c1 java.lang.reflect.Constructor.newInstanceWithCaller([Ljava/lang/Object;ZLjava/lang/Class;)Ljava/lang/Object; java.base@20 (51 bytes) @ 0x000001c9b7f9da0c [0x000001c9b7f9d940+0x00000000000000cc]
J 102969 c1 org.springframework.beans.BeanUtils.instantiateClass(Ljava/lang/reflect/Constructor;[Ljava/lang/Object;)Ljava/lang/Object; (187 bytes) @ 0x000001c9b819324c [0x000001c9b8192e20+0x000000000000042c]
j  org.springframework.beans.factory.support.SimpleInstantiationStrategy.instantiate(Lorg/springframework/beans/factory/support/RootBeanDefinition;Ljava/lang/String;Lorg/springframework/beans/factory/BeanFactory;)Ljava/lang/Object;+140
j  org.springframework.beans.factory.support.AbstractAutowireCapableBeanFactory.instantiateBean(Ljava/lang/String;Lorg/springframework/beans/factory/support/RootBeanDefinition;)Lorg/springframework/beans/BeanWrapper;+32
j  org.springframework.beans.factory.support.AbstractAutowireCapableBeanFactory.createBeanInstance(Ljava/lang/String;Lorg/springframework/beans/factory/support/RootBeanDefinition;[Ljava/lang/Object;)Lorg/springframework/beans/BeanWrapper;+250
j  org.springframework.beans.factory.support.AbstractAutowireCapableBeanFactory.doCreateBean(Ljava/lang/String;Lorg/springframework/beans/factory/support/RootBeanDefinition;[Ljava/lang/Object;)Ljava/lang/Object;+34
j  org.springframework.beans.factory.support.AbstractAutowireCapableBeanFactory.createBean(Ljava/lang/String;Lorg/springframework/beans/factory/support/RootBeanDefinition;[Ljava/lang/Object;)Ljava/lang/Object;+169
j  org.springframework.beans.factory.support.AbstractBeanFactory.lambda$doGetBean$0(Ljava/lang/String;Lorg/springframework/beans/factory/support/RootBeanDefinition;[Ljava/lang/Object;)Ljava/lang/Object;+4
j  org.springframework.beans.factory.support.AbstractBeanFactory$$Lambda$367+0x0000000801242820.getObject()Ljava/lang/Object;+16
j  org.springframework.beans.factory.support.DefaultSingletonBeanRegistry.getSingleton(Ljava/lang/String;Lorg/springframework/beans/factory/ObjectFactory;)Ljava/lang/Object;+132
J 102805 c1 org.springframework.beans.factory.support.AbstractBeanFactory.doGetBean(Ljava/lang/String;Ljava/lang/Class;[Ljava/lang/Object;Z)Ljava/lang/Object; (832 bytes) @ 0x000001c9b831dc34 [0x000001c9b831d600+0x0000000000000634]
j  org.springframework.beans.factory.support.AbstractBeanFactory.getBean(Ljava/lang/String;)Ljava/lang/Object;+5
j  org.springframework.beans.factory.support.DefaultListableBeanFactory.preInstantiateSingletons()V+248
j  org.springframework.context.support.AbstractApplicationContext.finishBeanFactoryInitialization(Lorg/springframework/beans/factory/config/ConfigurableListableBeanFactory;)V+124
j  org.springframework.context.support.AbstractApplicationContext.refresh()V+86
j  org.springframework.boot.web.servlet.context.ServletWebServerApplicationContext.refresh()V+1
j  org.springframework.boot.SpringApplication.refresh(Lorg/springframework/context/ConfigurableApplicationContext;)V+1
j  org.springframework.boot.SpringApplication.refreshContext(Lorg/springframework/context/ConfigurableApplicationContext;)V+16
j  org.springframework.boot.SpringApplication.run([Ljava/lang/String;)Lorg/springframework/context/ConfigurableApplicationContext;+107
j  org.springframework.boot.SpringApplication.run([Ljava/lang/Class;[Ljava/lang/String;)Lorg/springframework/context/ConfigurableApplicationContext;+9
j  org.springframework.boot.SpringApplication.run(Ljava/lang/Class;[Ljava/lang/String;)Lorg/springframework/context/ConfigurableApplicationContext;+9
j  com.ayalait.gesventas.GesVentas.main([Ljava/lang/String;)V+3
j  java.lang.invoke.LambdaForm$DMH+0x0000000801004c00.invokeStatic(Ljava/lang/Object;Ljava/lang/Object;)V+10 java.base@20
j  java.lang.invoke.LambdaForm$MH+0x00000008017a5c00.invoke(Ljava/lang/Object;Ljava/lang/Object;Ljava/lang/Object;)Ljava/lang/Object;+33 java.base@20
J 97603 c1 java.lang.reflect.Method.invoke(Ljava/lang/Object;[Ljava/lang/Object;)Ljava/lang/Object; java.base@20 (108 bytes) @ 0x000001c9b7de2814 [0x000001c9b7de1e60+0x00000000000009b4]
j  org.springframework.boot.devtools.restart.RestartLauncher.run()V+42
v  ~StubRoutines::call_stub 0x000001c9b75d100d

siginfo: EXCEPTION_ACCESS_VIOLATION (0xc0000005), reading address 0xffffffffffffffff


Registers:
RAX=0x0a004e0105004d01, RBX=0x0000000000000001, RCX=0x000000000004ad9c, RDX=0x000000000004ad9c
RSP=0x0000009cb58fe190, RBP=0x000000000000000e, RSI=0x0000009cb58fe540, RDI=0x0000009cb6bfe0f0
R8 =0x000001c9af4e2da0, R9 =0x000000000e436b00, R10=0x0000009cb6bfe0f0, R11=0x0000009cb58fe3e8
R12=0x000000000e436b00, R13=0x0000000800721b47, R14=0x0000009cb6bfe0f0, R15=0x000001c9c9ae6a80
RIP=0x00007ffd55cdcf02, EFLAGS=0x0000000000010207


Register to memory mapping:

RIP=0x00007ffd55cdcf02 jvm.dll
RAX=0x0a004e0105004d01 is an unknown value
RBX=0x0000000000000001 is an unknown value
RCX=0x000000000004ad9c is an unknown value
RDX=0x000000000004ad9c is an unknown value
RSP=0x0000009cb58fe190 points into unknown readable memory: 0x0000000000000000 | 00 00 00 00 00 00 00 00
RBP=0x000000000000000e is an unknown value
RSI=0x0000009cb58fe540 points into unknown readable memory: 0x0000009cb6bfe0e8 | e8 e0 bf b6 9c 00 00 00
RDI=0x0000009cb6bfe0f0 is pointing into the stack for thread: 0x000001c9c779e500
R8 =0x000001c9af4e2da0 points into unknown readable memory: 0x00007ffd562fe3e8 | e8 e3 2f 56 fd 7f 00 00
R9 =0x000000000e436b00 is an unknown value
R10=0x0000009cb6bfe0f0 is pointing into the stack for thread: 0x000001c9c779e500
R11=0x0000009cb58fe3e8 points into unknown readable memory: 0x00007ffd55c9725d | 5d 72 c9 55 fd 7f 00 00
R12=0x000000000e436b00 is an unknown value
R13=0x0000000800721b47 is pointing into metadata
R14=0x0000009cb6bfe0f0 is pointing into the stack for thread: 0x000001c9c779e500
R15=0x000001c9c9ae6a80 points into unknown readable memory: 0x00007ffd56305aa0 | a0 5a 30 56 fd 7f 00 00


Top of Stack: (sp=0x0000009cb58fe190)
0x0000009cb58fe190:   0000000000000000 0000000000000007
0x0000009cb58fe1a0:   000000000000012f 00007ffd5602abc5
0x0000009cb58fe1b0:   000000000000012f 000001c9af4eaa40
0x0000009cb58fe1c0:   0000009cb6bfe0f0 0a004e0105004d01
0x0000009cb58fe1d0:   0000009cb6bfe0f0 0000009cb58fe238
0x0000009cb58fe1e0:   0000009cb60ff370 000001c9c7e98ab0
0x0000009cb58fe1f0:   0000000000000001 00000000000003d8
0x0000009cb58fe200:   0000000000000000 000001c9c94b56b8
0x0000009cb58fe210:   0000009cb58fe540 0000009cb58fe360
0x0000009cb58fe220:   0000009cb6bfe0f0 00007ffd55cec428
0x0000009cb58fe230:   0000009cb58f0000 0000009cb58f0100
0x0000009cb58fe240:   0000000800480090 0000000000000000
0x0000009cb58fe250:   000001c9c94b56b8 00007ffd55c9781d
0x0000009cb58fe260:   0000000000000003 0000000000000003
0x0000009cb58fe270:   000001c9c94b56b8 0000009cb58fe540
0x0000009cb58fe280:   0000000fb81bd001 00000008000b8650
0x0000009cb58fe290:   000001c9c7f0e4d0 000000080053fd90
0x0000009cb58fe2a0:   000001c9c74d4ca0 00000000000003d8
0x0000009cb58fe2b0:   000001c9c74d4cb0 000001c9c74d5088
0x0000009cb58fe2c0:   0000000800721b47 00007ffd000000b8
0x0000009cb58fe2d0:   00000008000b8650 00007ffd562fcd00
0x0000009cb58fe2e0:   0000009cb58fe540 000001c9c94b56b8
0x0000009cb58fe2f0:   0000000400000003 000000080053fd90
0x0000009cb58fe300:   0000001300000001 0000000000000032
0x0000009cb58fe310:   000000010000000c 0000000800480090
0x0000009cb58fe320:   0000000000000000 0000009c00000006
0x0000009cb58fe330:   0000000500000003 0000000000000000
0x0000009cb58fe340:   000001c9b81bd010 000001c9c7ec4dd0
0x0000009cb58fe350:   000001c9c94b56b8 00000000000003d8
0x0000009cb58fe360:   0000000800017f58 00000006b58f0013
0x0000009cb58fe370:   0000009c00000000 0000000000000015
0x0000009cb58fe380:   0000009cb60ff608 00007ffd55cec482 

Instructions: (pc=0x00007ffd55cdcf02)
0x00007ffd55cdce02:   00 00 00 cc cc cc cc cc cc cc cc cc cc cc 40 53
0x00007ffd55cdce12:   55 56 57 41 54 41 55 41 56 41 57 48 83 ec 58 80
0x00007ffd55cdce22:   3d c3 39 85 00 00 49 8b f9 4d 8b f0 0f b7 da 4c
0x00007ffd55cdce32:   8b f9 74 16 45 8b 68 08 8b 0d a8 61 7e 00 49 d3
0x00007ffd55cdce42:   e5 4c 03 2d 96 61 7e 00 eb 04 4d 8b 68 08 49 8b
0x00007ffd55cdce52:   d5 49 8b ce e8 55 38 de ff 4c 8b e0 48 89 7c 24
0x00007ffd55cdce62:   30 33 c0 8b e8 0f b7 c3 66 c1 e8 08 66 89 84 24
0x00007ffd55cdce72:   a0 00 00 00 84 c0 75 3c 40 0f b6 cf f6 d1 f6 c1
0x00007ffd55cdce82:   01 75 05 48 8b ef eb 12 48 8d 54 24 40 48 8d 4c
0x00007ffd55cdce92:   24 30 e8 17 7a 2e 00 48 8b 28 48 c1 ed 03 83 e5
0x00007ffd55cdcea2:   0f 41 3b af 78 01 00 00 73 0a 66 89 9c 24 a8 00
0x00007ffd55cdceb2:   00 00 eb 12 66 c7 84 24 a8 00 00 00 00 01 0f b7
0x00007ffd55cdcec2:   9c 24 a8 00 00 00 4d 8b 47 08 49 8b d6 66 c1 eb
0x00007ffd55cdced2:   08 41 8b 88 48 02 00 00 49 8b 80 40 02 00 00 48
0x00007ffd55cdcee2:   d3 e0 8b 0d a6 42 85 00 48 2b d0 49 8b 80 28 02
0x00007ffd55cdcef2:   00 00 48 d3 ea 8b ca 48 8b 04 c8 48 89 44 24 38
0x00007ffd55cdcf02:   44 8b 80 98 00 00 00 48 0f be c3 48 6b c8 38 49
0x00007ffd55cdcf12:   8b 47 70 44 89 84 24 b0 00 00 00 48 8b 54 01 10
0x00007ffd55cdcf22:   84 db 75 04 4a 8d 14 c2 48 8b 0a 4a 8d 1c e5 00
0x00007ffd55cdcf32:   00 00 00 48 89 9c 24 b8 00 00 00 48 8b 71 30 48
0x00007ffd55cdcf42:   8b 41 38 48 2b c6 48 c1 e8 03 49 3b c4 72 0d 48
0x00007ffd55cdcf52:   8d 04 33 48 89 41 30 48 85 f6 75 3d 44 89 44 24
0x00007ffd55cdcf62:   28 48 8d 94 24 a8 00 00 00 4d 8b c6 89 6c 24 20
0x00007ffd55cdcf72:   4d 8b cc 49 8b cf e8 43 fc ff ff 48 8b f0 48 85
0x00007ffd55cdcf82:   c0 75 16 4d 8b cc 4c 8b c7 49 8b d6 49 8b cf e8
0x00007ffd55cdcf92:   6a 07 00 00 e9 68 03 00 00 48 8d 0d 5e 30 ca ff
0x00007ffd55cdcfa2:   49 83 fc 08 77 4d 42 8b 84 a1 14 d3 35 00 48 03
0x00007ffd55cdcfb2:   c1 ff e0 49 8b 46 38 48 89 46 38 49 8b 46 30 48
0x00007ffd55cdcfc2:   89 46 30 49 8b 46 28 48 89 46 28 49 8b 46 20 48
0x00007ffd55cdcfd2:   89 46 20 49 8b 46 18 48 89 46 18 49 8b 46 10 48
0x00007ffd55cdcfe2:   89 46 10 49 8b 46 08 48 89 46 08 49 8b 06 48 89
0x00007ffd55cdcff2:   06 eb 0e 4c 8b c3 49 8b d6 48 8b ce e8 4d 9d 54 


Stack slot to memory mapping:
stack at sp + 0 slots: 0x0 is NULL
stack at sp + 1 slots: 0x0000000000000007 is an unknown value
stack at sp + 2 slots: 0x000000000000012f is an unknown value
stack at sp + 3 slots: 0x00007ffd5602abc5 jvm.dll
stack at sp + 4 slots: 0x000000000000012f is an unknown value
stack at sp + 5 slots: 0x000001c9af4eaa40 points into unknown readable memory: 0x000001c9c7f19cf0 | f0 9c f1 c7 c9 01 00 00
stack at sp + 6 slots: 0x0000009cb6bfe0f0 is pointing into the stack for thread: 0x000001c9c779e500
stack at sp + 7 slots: 0x0a004e0105004d01 is an unknown value


---------------  P R O C E S S  ---------------

Threads class SMR info:
_java_thread_list=0x000001c9ca100db0, length=30, elements={
0x000001c9c30a5340, 0x000001c9c30a6990, 0x000001c9c30aba90, 0x000001c9c30ac3d0,
0x000001c9c30afe30, 0x000001c9c30b08a0, 0x000001c9c30b2700, 0x000001c9c74d09a0,
0x000001c9c75696b0, 0x000001c9c756e0c0, 0x000001c9c75745c0, 0x000001c9c7ced5b0,
0x000001c9c7ecdbd0, 0x000001c9c7f0ed40, 0x000001c9c8036810, 0x000001c9c8332bb0,
0x000001c9c77a0f80, 0x000001c9c779f4f0, 0x000001c9c779dfb0, 0x000001c9c779ea50,
0x000001c9c779d510, 0x000001c9c779efa0, 0x000001c9c77a14d0, 0x000001c9c84095a0,
0x000001c9c96b7da0, 0x000001c9c77a44a0, 0x000001c9c779e500, 0x000001c9c96b6db0,
0x000001c9c96b5870, 0x000001c9c96b3340
}

Java Threads: ( => current thread )
  0x000001c9c30a5340 JavaThread "Reference Handler" daemon [_thread_blocked, id=18876, stack(0x0000009cb4700000,0x0000009cb4800000)]
  0x000001c9c30a6990 JavaThread "Finalizer" daemon [_thread_blocked, id=6320, stack(0x0000009cb4800000,0x0000009cb4900000)]
  0x000001c9c30aba90 JavaThread "Signal Dispatcher" daemon [_thread_blocked, id=38084, stack(0x0000009cb4900000,0x0000009cb4a00000)]
  0x000001c9c30ac3d0 JavaThread "Attach Listener" daemon [_thread_blocked, id=37964, stack(0x0000009cb4a00000,0x0000009cb4b00000)]
  0x000001c9c30afe30 JavaThread "Service Thread" daemon [_thread_blocked, id=42440, stack(0x0000009cb4b00000,0x0000009cb4c00000)]
  0x000001c9c30b08a0 JavaThread "Monitor Deflation Thread" daemon [_thread_blocked, id=34784, stack(0x0000009cb4c00000,0x0000009cb4d00000)]
  0x000001c9c30b2700 JavaThread "C1 CompilerThread0" daemon [_thread_blocked, id=39136, stack(0x0000009cb4d00000,0x0000009cb4e00000)]
  0x000001c9c74d09a0 JavaThread "Common-Cleaner" daemon [_thread_blocked, id=31852, stack(0x0000009cb4e00000,0x0000009cb4f00000)]
  0x000001c9c75696b0 JavaThread "JDWP Transport Listener: dt_socket" daemon [_thread_blocked, id=30756, stack(0x0000009cb5100000,0x0000009cb5200000)]
  0x000001c9c756e0c0 JavaThread "JDWP Event Helper Thread" daemon [_thread_blocked, id=42436, stack(0x0000009cb5200000,0x0000009cb5300000)]
  0x000001c9c75745c0 JavaThread "JDWP Command Reader" daemon [_thread_in_native, id=42268, stack(0x0000009cb5300000,0x0000009cb5400000)]
  0x000001c9c7ced5b0 JavaThread "Notification Thread" daemon [_thread_blocked, id=34976, stack(0x0000009cb5400000,0x0000009cb5500000)]
  0x000001c9c7ecdbd0 JavaThread "RMI TCP Accept-0" daemon [_thread_in_native, id=3224, stack(0x0000009cb5500000,0x0000009cb5600000)]
  0x000001c9c7f0ed40 JavaThread "RMI TCP Accept-61675" daemon [_thread_in_native, id=17308, stack(0x0000009cb5d00000,0x0000009cb5e00000)]
  0x000001c9c8036810 JavaThread "RMI TCP Accept-0" daemon [_thread_in_native, id=36960, stack(0x0000009cb5e00000,0x0000009cb5f00000)]
  0x000001c9c8332bb0 JavaThread "RMI Scheduler(0)" daemon [_thread_blocked, id=37408, stack(0x0000009cb6200000,0x0000009cb6300000)]
  0x000001c9c77a0f80 JavaThread "DestroyJavaVM" [_thread_blocked, id=24152, stack(0x0000009cb4000000,0x0000009cb4100000)]
  0x000001c9c779f4f0 JavaThread "mysql-cj-abandoned-connection-cleanup" daemon [_thread_blocked, id=22204, stack(0x0000009cb6500000,0x0000009cb6600000)]
  0x000001c9c779dfb0 JavaThread "File Watcher" daemon [_thread_blocked, id=45244, stack(0x0000009cb5000000,0x0000009cb5100000)]
  0x000001c9c779ea50 JavaThread "File Watcher" daemon [_thread_blocked, id=12860, stack(0x0000009cb3e00000,0x0000009cb3f00000)]
  0x000001c9c779d510 JavaThread "File Watcher" daemon [_thread_blocked, id=30252, stack(0x0000009cb4f00000,0x0000009cb5000000)]
  0x000001c9c779efa0 JavaThread "File Watcher" daemon [_thread_blocked, id=41548, stack(0x0000009cb3f00000,0x0000009cb4000000)]
  0x000001c9c77a14d0 JavaThread "File Watcher" daemon [_thread_blocked, id=4384, stack(0x0000009cb6000000,0x0000009cb6100000)]
  0x000001c9c84095a0 JavaThread "RMI TCP Connection(idle)" daemon [_thread_blocked, id=48060, stack(0x0000009cb6300000,0x0000009cb6400000)]
  0x000001c9c96b7da0 JavaThread "JMX server connection timeout 213" daemon [_thread_blocked, id=5428, stack(0x0000009cb6600000,0x0000009cb6700000)]
  0x000001c9c77a44a0 JavaThread "Thread-120" [_thread_blocked, id=30292, stack(0x0000009cb6400000,0x0000009cb6500000)]
  0x000001c9c779e500 JavaThread "restartedMain" [_thread_blocked, id=40056, stack(0x0000009cb6b00000,0x0000009cb6c00000)]
  0x000001c9c96b6db0 JavaThread "Catalina-utility-1" [_thread_blocked, id=40640, stack(0x0000009cb6a00000,0x0000009cb6b00000)]
  0x000001c9c96b5870 JavaThread "Catalina-utility-2" [_thread_blocked, id=42848, stack(0x0000009cb6c00000,0x0000009cb6d00000)]
  0x000001c9c96b3340 JavaThread "container-5" [_thread_blocked, id=47360, stack(0x0000009cb6d00000,0x0000009cb6e00000)]

Other Threads:
  0x000001c9c3089f90 VMThread "VM Thread" [stack: 0x0000009cb4600000,0x0000009cb4700000] [id=44900]
  0x000001c9c8029970 WatcherThread "VM Periodic Task Thread" [stack: 0x0000009cb5f00000,0x0000009cb6000000] [id=39256]
  0x000001c9af53c590 WorkerThread "GC Thread#0" [stack: 0x0000009cb4100000,0x0000009cb4200000] [id=37844]
  0x000001c9c7f09b10 WorkerThread "GC Thread#1" [stack: 0x0000009cb5600000,0x0000009cb5700000] [id=37144]
  0x000001c9c7f09de0 WorkerThread "GC Thread#2" [stack: 0x0000009cb5700000,0x0000009cb5800000] [id=37764]
=>0x000001c9c7f0e4d0 WorkerThread "GC Thread#3" [stack: 0x0000009cb5800000,0x0000009cb5900000] [id=42348]
  0x000001c9c7f0e7a0 WorkerThread "GC Thread#4" [stack: 0x0000009cb5900000,0x0000009cb5a00000] [id=46032]
  0x000001c9c7f0ea70 WorkerThread "GC Thread#5" [stack: 0x0000009cb5a00000,0x0000009cb5b00000] [id=45968]
  0x000001c9c7f25a80 WorkerThread "GC Thread#6" [stack: 0x0000009cb5b00000,0x0000009cb5c00000] [id=15236]
  0x000001c9c7f249a0 WorkerThread "GC Thread#7" [stack: 0x0000009cb5c00000,0x0000009cb5d00000] [id=12940]
  0x000001c9af54d100 ConcurrentGCThread "G1 Main Marker" [stack: 0x0000009cb4200000,0x0000009cb4300000] [id=38132]
  0x000001c9af54f050 WorkerThread "G1 Conc#0" [stack: 0x0000009cb4300000,0x0000009cb4400000] [id=30544]
  0x000001c9c7f25d50 WorkerThread "G1 Conc#1" [stack: 0x0000009cb6800000,0x0000009cb6900000] [id=35972]
  0x000001c9c2f48060 ConcurrentGCThread "G1 Refine#0" [stack: 0x0000009cb4400000,0x0000009cb4500000] [id=25464]
  0x000001c9c2f48910 ConcurrentGCThread "G1 Service" [stack: 0x0000009cb4500000,0x0000009cb4600000] [id=24996]

Threads with active compile tasks:

VM state: at safepoint (normal execution)

VM Mutex/Monitor currently owned by a thread:  ([mutex/lock_event])
[0x000001c9af4c8c50] Threads_lock - owner thread: 0x000001c9c3089f90
[0x000001c9af4c83e0] Heap_lock - owner thread: 0x000001c9c779ea50

Heap address: 0x0000000703200000, size: 4046 MB, Compressed Oops mode: Zero based, Oop shift amount: 3

CDS archive(s) mapped at: [0x0000000800000000-0x0000000800c60000-0x0000000800c60000), size 12976128, SharedBaseAddress: 0x0000000800000000, ArchiveRelocationMode: 0.
Compressed class space mapped at: 0x0000000801000000-0x0000000841000000, reserved size: 1073741824
Narrow klass base: 0x0000000800000000, Narrow klass shift: 0, Narrow klass range: 0x100000000

GC Precious Log:
 CardTable entry size: 512
 Card Set container configuration: InlinePtr #cards 4 size 8 Array Of Cards #cards 16 size 48 Howl #buckets 8 coarsen threshold 3686 Howl Bitmap #cards 512 size 80 coarsen threshold 460 Card regions per heap region 1 cards per card region 4096
 CPUs: 8 total, 8 available
 Memory: 16180M
 Large Page Support: Disabled
 NUMA Support: Disabled
 Compressed Oops: Enabled (Zero based)
 Heap Region Size: 2M
 Heap Min Capacity: 8M
 Heap Initial Capacity: 254M
 Heap Max Capacity: 4046M
 Pre-touch: Disabled
 Parallel Workers: 8
 Concurrent Workers: 2
 Concurrent Refinement Workers: 8
 Periodic GC: Disabled

Heap:
 garbage-first heap   total 280576K, used 216795K [0x0000000703200000, 0x0000000800000000)
  region size 2048K, 67 young (137216K), 8 survivors (16384K)
 Metaspace       used 63087K, committed 64192K, reserved 1114112K
  class space    used 7521K, committed 8064K, reserved 1048576K

Heap Regions: E=young(eden), S=young(survivor), O=old, HS=humongous(starts), HC=humongous(continues), CS=collection set, F=free, OA=open archive, CA=closed archive, TAMS=top-at-mark-start, PB=parsable bottom
|   0|0x0000000703200000, 0x0000000703400000, 0x0000000703400000|100%| O|  |TAMS 0x0000000703200000| PB 0x0000000703200000| Untracked 
|   1|0x0000000703400000, 0x00000007035ffff0, 0x0000000703600000| 99%| O|  |TAMS 0x0000000703400000| PB 0x0000000703400000| Untracked 
|   2|0x0000000703600000, 0x0000000703800000, 0x0000000703800000|100%| O|  |TAMS 0x0000000703600000| PB 0x0000000703600000| Untracked 
|   3|0x0000000703800000, 0x00000007039ffa38, 0x0000000703a00000| 99%| O|  |TAMS 0x0000000703800000| PB 0x0000000703800000| Untracked 
|   4|0x0000000703a00000, 0x0000000703bfffc0, 0x0000000703c00000| 99%| O|  |TAMS 0x0000000703a00000| PB 0x0000000703a00000| Untracked 
|   5|0x0000000703c00000, 0x0000000703dffff8, 0x0000000703e00000| 99%| O|  |TAMS 0x0000000703c00000| PB 0x0000000703c00000| Untracked 
|   6|0x0000000703e00000, 0x0000000703ffffd0, 0x0000000704000000| 99%| O|  |TAMS 0x0000000703e00000| PB 0x0000000703e00000| Untracked 
|   7|0x0000000704000000, 0x00000007041ffc10, 0x0000000704200000| 99%| O|  |TAMS 0x0000000704000000| PB 0x0000000704000000| Untracked 
|   8|0x0000000704200000, 0x00000007043ffff0, 0x0000000704400000| 99%| O|  |TAMS 0x0000000704200000| PB 0x0000000704200000| Untracked 
|   9|0x0000000704400000, 0x00000007045fe4c8, 0x0000000704600000| 99%| O|  |TAMS 0x0000000704400000| PB 0x0000000704400000| Untracked 
|  10|0x0000000704600000, 0x00000007047fffe8, 0x0000000704800000| 99%| O|  |TAMS 0x0000000704600000| PB 0x0000000704600000| Untracked 
|  11|0x0000000704800000, 0x00000007049ffff8, 0x0000000704a00000| 99%| O|  |TAMS 0x0000000704800000| PB 0x0000000704800000| Untracked 
|  12|0x0000000704a00000, 0x0000000704bffe68, 0x0000000704c00000| 99%| O|  |TAMS 0x0000000704a00000| PB 0x0000000704a00000| Untracked 
|  13|0x0000000704c00000, 0x0000000704e00000, 0x0000000704e00000|100%| O|  |TAMS 0x0000000704c00000| PB 0x0000000704c00000| Untracked 
|  14|0x0000000704e00000, 0x0000000704fff368, 0x0000000705000000| 99%| O|  |TAMS 0x0000000704e00000| PB 0x0000000704e00000| Untracked 
|  15|0x0000000705000000, 0x00000007051ffff0, 0x0000000705200000| 99%| O|  |TAMS 0x0000000705000000| PB 0x0000000705000000| Untracked 
|  16|0x0000000705200000, 0x0000000705400000, 0x0000000705400000|100%| O|  |TAMS 0x0000000705200000| PB 0x0000000705200000| Untracked 
|  17|0x0000000705400000, 0x00000007055fffe0, 0x0000000705600000| 99%| O|  |TAMS 0x0000000705400000| PB 0x0000000705400000| Untracked 
|  18|0x0000000705600000, 0x00000007057640b0, 0x0000000705800000| 69%| O|  |TAMS 0x0000000705600000| PB 0x0000000705600000| Untracked 
|  19|0x0000000705800000, 0x00000007059fffe8, 0x0000000705a00000| 99%| O|  |TAMS 0x0000000705800000| PB 0x0000000705800000| Untracked 
|  20|0x0000000705a00000, 0x0000000705bffff8, 0x0000000705c00000| 99%| O|  |TAMS 0x0000000705a00000| PB 0x0000000705a00000| Untracked 
|  21|0x0000000705c00000, 0x0000000705dffff8, 0x0000000705e00000| 99%| O|  |TAMS 0x0000000705c00000| PB 0x0000000705c00000| Untracked 
|  22|0x0000000705e00000, 0x0000000706000000, 0x0000000706000000|100%| O|  |TAMS 0x0000000705e00000| PB 0x0000000705e00000| Untracked 
|  23|0x0000000706000000, 0x0000000706200000, 0x0000000706200000|100%| O|  |TAMS 0x0000000706000000| PB 0x0000000706000000| Untracked 
|  24|0x0000000706200000, 0x0000000706400000, 0x0000000706400000|100%| O|  |TAMS 0x0000000706200000| PB 0x0000000706200000| Untracked 
|  25|0x0000000706400000, 0x00000007065f9a60, 0x0000000706600000| 98%| O|  |TAMS 0x0000000706400000| PB 0x0000000706400000| Untracked 
|  26|0x0000000706600000, 0x0000000706800000, 0x0000000706800000|100%| O|  |TAMS 0x0000000706600000| PB 0x0000000706600000| Untracked 
|  27|0x0000000706800000, 0x00000007069fffe0, 0x0000000706a00000| 99%| O|  |TAMS 0x0000000706800000| PB 0x0000000706800000| Untracked 
|  28|0x0000000706a00000, 0x0000000706bfffe0, 0x0000000706c00000| 99%| O|  |TAMS 0x0000000706a00000| PB 0x0000000706a00000| Untracked 
|  29|0x0000000706c00000, 0x0000000706e00000, 0x0000000706e00000|100%| O|  |TAMS 0x0000000706c00000| PB 0x0000000706c00000| Untracked 
|  30|0x0000000706e00000, 0x0000000706f6f478, 0x0000000707000000| 71%| O|  |TAMS 0x0000000706e00000| PB 0x0000000706e00000| Untracked 
|  31|0x0000000707000000, 0x00000007071e32f0, 0x0000000707200000| 94%| O|  |TAMS 0x0000000707000000| PB 0x0000000707000000| Untracked 
|  32|0x0000000707200000, 0x0000000707400000, 0x0000000707400000|100%| O|  |TAMS 0x0000000707200000| PB 0x0000000707200000| Untracked 
|  33|0x0000000707400000, 0x00000007075fffe0, 0x0000000707600000| 99%| O|  |TAMS 0x0000000707400000| PB 0x0000000707400000| Untracked 
|  34|0x0000000707600000, 0x00000007077fff88, 0x0000000707800000| 99%| O|  |TAMS 0x0000000707600000| PB 0x0000000707600000| Untracked 
|  35|0x0000000707800000, 0x00000007079fffe8, 0x0000000707a00000| 99%| O|  |TAMS 0x0000000707800000| PB 0x0000000707800000| Untracked 
|  36|0x0000000707a00000, 0x0000000707c00000, 0x0000000707c00000|100%| O|  |TAMS 0x0000000707a00000| PB 0x0000000707a00000| Untracked 
|  37|0x0000000707c00000, 0x0000000707e00000, 0x0000000707e00000|100%| O|  |TAMS 0x0000000707c00000| PB 0x0000000707c00000| Untracked 
|  38|0x0000000707e00000, 0x0000000708000000, 0x0000000708000000|100%| O|  |TAMS 0x0000000707e00000| PB 0x0000000707e00000| Untracked 
|  39|0x0000000708000000, 0x00000007081fffe8, 0x0000000708200000| 99%| O|  |TAMS 0x0000000708000000| PB 0x0000000708000000| Untracked 
|  40|0x0000000708200000, 0x0000000708231600, 0x0000000708400000|  9%| O|  |TAMS 0x0000000708200000| PB 0x0000000708200000| Untracked 
|  41|0x0000000708400000, 0x00000007085fffe8, 0x0000000708600000| 99%| O|  |TAMS 0x0000000708400000| PB 0x0000000708400000| Untracked 
|  42|0x0000000708600000, 0x0000000708696140, 0x0000000708800000| 29%| O|  |TAMS 0x0000000708600000| PB 0x0000000708600000| Untracked 
|  43|0x0000000708800000, 0x0000000708a00000, 0x0000000708a00000|100%| O|  |TAMS 0x0000000708800000| PB 0x0000000708800000| Untracked 
|  44|0x0000000708a00000, 0x0000000708c00000, 0x0000000708c00000|100%| O|  |TAMS 0x0000000708a00000| PB 0x0000000708a00000| Untracked 
|  45|0x0000000708c00000, 0x0000000708d615c0, 0x0000000708e00000| 69%| O|  |TAMS 0x0000000708c00000| PB 0x0000000708c00000| Untracked 
|  46|0x0000000708e00000, 0x0000000708ee3a88, 0x0000000709000000| 44%| O|  |TAMS 0x0000000708e00000| PB 0x0000000708e00000| Untracked 
|  47|0x0000000709000000, 0x0000000709000000, 0x0000000709200000|  0%| F|  |TAMS 0x0000000709000000| PB 0x0000000709000000| Untracked 
|  48|0x0000000709200000, 0x00000007092d2110, 0x0000000709400000| 41%| O|  |TAMS 0x0000000709200000| PB 0x0000000709200000| Untracked 
|  49|0x0000000709400000, 0x0000000709400000, 0x0000000709600000|  0%| F|  |TAMS 0x0000000709400000| PB 0x0000000709400000| Untracked 
|  50|0x0000000709600000, 0x0000000709600000, 0x0000000709800000|  0%| F|  |TAMS 0x0000000709600000| PB 0x0000000709600000| Untracked 
|  51|0x0000000709800000, 0x0000000709800000, 0x0000000709a00000|  0%| F|  |TAMS 0x0000000709800000| PB 0x0000000709800000| Untracked 
|  52|0x0000000709a00000, 0x0000000709a00000, 0x0000000709c00000|  0%| F|  |TAMS 0x0000000709a00000| PB 0x0000000709a00000| Untracked 
|  53|0x0000000709c00000, 0x0000000709c00000, 0x0000000709e00000|  0%| F|  |TAMS 0x0000000709c00000| PB 0x0000000709c00000| Untracked 
|  54|0x0000000709e00000, 0x0000000709e00000, 0x000000070a000000|  0%| F|  |TAMS 0x0000000709e00000| PB 0x0000000709e00000| Untracked 
|  55|0x000000070a000000, 0x000000070a000000, 0x000000070a200000|  0%| F|  |TAMS 0x000000070a000000| PB 0x000000070a000000| Untracked 
|  56|0x000000070a200000, 0x000000070a200000, 0x000000070a400000|  0%| F|  |TAMS 0x000000070a200000| PB 0x000000070a200000| Untracked 
|  57|0x000000070a400000, 0x000000070a400000, 0x000000070a600000|  0%| F|  |TAMS 0x000000070a400000| PB 0x000000070a400000| Untracked 
|  58|0x000000070a600000, 0x000000070a600000, 0x000000070a800000|  0%| F|  |TAMS 0x000000070a600000| PB 0x000000070a600000| Untracked 
|  59|0x000000070a800000, 0x000000070a800000, 0x000000070aa00000|  0%| F|  |TAMS 0x000000070a800000| PB 0x000000070a800000| Untracked 
|  60|0x000000070aa00000, 0x000000070aa00000, 0x000000070ac00000|  0%| F|  |TAMS 0x000000070aa00000| PB 0x000000070aa00000| Untracked 
|  61|0x000000070ac00000, 0x000000070ada29e0, 0x000000070ae00000| 81%| S|  |TAMS 0x000000070ac00000| PB 0x000000070ac00000| Complete 
|  62|0x000000070ae00000, 0x000000070b000000, 0x000000070b000000|100%| S|  |TAMS 0x000000070ae00000| PB 0x000000070ae00000| Complete 
|  63|0x000000070b000000, 0x000000070b200000, 0x000000070b200000|100%| E|CS|TAMS 0x000000070b000000| PB 0x000000070b000000| Complete 
|  64|0x000000070b200000, 0x000000070b400000, 0x000000070b400000|100%| E|CS|TAMS 0x000000070b200000| PB 0x000000070b200000| Complete 
|  65|0x000000070b400000, 0x000000070b600000, 0x000000070b600000|100%| E|CS|TAMS 0x000000070b400000| PB 0x000000070b400000| Complete 
|  66|0x000000070b600000, 0x000000070b800000, 0x000000070b800000|100%| E|CS|TAMS 0x000000070b600000| PB 0x000000070b600000| Complete 
|  67|0x000000070b800000, 0x000000070ba00000, 0x000000070ba00000|100%| E|CS|TAMS 0x000000070b800000| PB 0x000000070b800000| Complete 
|  68|0x000000070ba00000, 0x000000070bc00000, 0x000000070bc00000|100%| E|CS|TAMS 0x000000070ba00000| PB 0x000000070ba00000| Complete 
|  69|0x000000070bc00000, 0x000000070be00000, 0x000000070be00000|100%| E|CS|TAMS 0x000000070bc00000| PB 0x000000070bc00000| Complete 
|  70|0x000000070be00000, 0x000000070c000000, 0x000000070c000000|100%| E|CS|TAMS 0x000000070be00000| PB 0x000000070be00000| Complete 
|  71|0x000000070c000000, 0x000000070c200000, 0x000000070c200000|100%| E|CS|TAMS 0x000000070c000000| PB 0x000000070c000000| Complete 
|  72|0x000000070c200000, 0x000000070c400000, 0x000000070c400000|100%| S|  |TAMS 0x000000070c200000| PB 0x000000070c200000| Complete 
|  73|0x000000070c400000, 0x000000070c600000, 0x000000070c600000|100%| S|  |TAMS 0x000000070c400000| PB 0x000000070c400000| Complete 
|  74|0x000000070c600000, 0x000000070c800000, 0x000000070c800000|100%| S|  |TAMS 0x000000070c600000| PB 0x000000070c600000| Complete 
|  75|0x000000070c800000, 0x000000070ca00000, 0x000000070ca00000|100%| S|  |TAMS 0x000000070c800000| PB 0x000000070c800000| Complete 
|  76|0x000000070ca00000, 0x000000070cc00000, 0x000000070cc00000|100%| S|  |TAMS 0x000000070ca00000| PB 0x000000070ca00000| Complete 
|  77|0x000000070cc00000, 0x000000070ce00000, 0x000000070ce00000|100%| S|  |TAMS 0x000000070cc00000| PB 0x000000070cc00000| Complete 
|  78|0x000000070ce00000, 0x000000070d000000, 0x000000070d000000|100%| E|CS|TAMS 0x000000070ce00000| PB 0x000000070ce00000| Complete 
|  79|0x000000070d000000, 0x000000070d200000, 0x000000070d200000|100%| E|CS|TAMS 0x000000070d000000| PB 0x000000070d000000| Complete 
|  80|0x000000070d200000, 0x000000070d400000, 0x000000070d400000|100%| E|CS|TAMS 0x000000070d200000| PB 0x000000070d200000| Complete 
|  81|0x000000070d400000, 0x000000070d600000, 0x000000070d600000|100%| E|CS|TAMS 0x000000070d400000| PB 0x000000070d400000| Complete 
|  82|0x000000070d600000, 0x000000070d800000, 0x000000070d800000|100%| E|CS|TAMS 0x000000070d600000| PB 0x000000070d600000| Complete 
|  83|0x000000070d800000, 0x000000070da00000, 0x000000070da00000|100%| E|CS|TAMS 0x000000070d800000| PB 0x000000070d800000| Complete 
|  84|0x000000070da00000, 0x000000070dc00000, 0x000000070dc00000|100%| E|CS|TAMS 0x000000070da00000| PB 0x000000070da00000| Complete 
|  85|0x000000070dc00000, 0x000000070de00000, 0x000000070de00000|100%| E|CS|TAMS 0x000000070dc00000| PB 0x000000070dc00000| Complete 
|  86|0x000000070de00000, 0x000000070e000000, 0x000000070e000000|100%| E|CS|TAMS 0x000000070de00000| PB 0x000000070de00000| Complete 
|  87|0x000000070e000000, 0x000000070e200000, 0x000000070e200000|100%| E|CS|TAMS 0x000000070e000000| PB 0x000000070e000000| Complete 
|  88|0x000000070e200000, 0x000000070e400000, 0x000000070e400000|100%| E|CS|TAMS 0x000000070e200000| PB 0x000000070e200000| Complete 
|  89|0x000000070e400000, 0x000000070e600000, 0x000000070e600000|100%| E|CS|TAMS 0x000000070e400000| PB 0x000000070e400000| Complete 
|  90|0x000000070e600000, 0x000000070e800000, 0x000000070e800000|100%| E|CS|TAMS 0x000000070e600000| PB 0x000000070e600000| Complete 
|  91|0x000000070e800000, 0x000000070ea00000, 0x000000070ea00000|100%| E|CS|TAMS 0x000000070e800000| PB 0x000000070e800000| Complete 
|  92|0x000000070ea00000, 0x000000070ec00000, 0x000000070ec00000|100%| E|CS|TAMS 0x000000070ea00000| PB 0x000000070ea00000| Complete 
|  93|0x000000070ec00000, 0x000000070ee00000, 0x000000070ee00000|100%| E|CS|TAMS 0x000000070ec00000| PB 0x000000070ec00000| Complete 
|  94|0x000000070ee00000, 0x000000070f000000, 0x000000070f000000|100%| E|CS|TAMS 0x000000070ee00000| PB 0x000000070ee00000| Complete 
|  95|0x000000070f000000, 0x000000070f200000, 0x000000070f200000|100%| E|CS|TAMS 0x000000070f000000| PB 0x000000070f000000| Complete 
|  96|0x000000070f200000, 0x000000070f400000, 0x000000070f400000|100%| E|CS|TAMS 0x000000070f200000| PB 0x000000070f200000| Complete 
|  97|0x000000070f400000, 0x000000070f600000, 0x000000070f600000|100%| E|CS|TAMS 0x000000070f400000| PB 0x000000070f400000| Complete 
|  98|0x000000070f600000, 0x000000070f800000, 0x000000070f800000|100%| E|CS|TAMS 0x000000070f600000| PB 0x000000070f600000| Complete 
|  99|0x000000070f800000, 0x000000070fa00000, 0x000000070fa00000|100%| E|CS|TAMS 0x000000070f800000| PB 0x000000070f800000| Complete 
| 100|0x000000070fa00000, 0x000000070fc00000, 0x000000070fc00000|100%| E|CS|TAMS 0x000000070fa00000| PB 0x000000070fa00000| Complete 
| 101|0x000000070fc00000, 0x000000070fe00000, 0x000000070fe00000|100%| E|CS|TAMS 0x000000070fc00000| PB 0x000000070fc00000| Complete 
| 102|0x000000070fe00000, 0x0000000710000000, 0x0000000710000000|100%| E|CS|TAMS 0x000000070fe00000| PB 0x000000070fe00000| Complete 
| 103|0x0000000710000000, 0x0000000710200000, 0x0000000710200000|100%| E|CS|TAMS 0x0000000710000000| PB 0x0000000710000000| Complete 
| 104|0x0000000710200000, 0x0000000710400000, 0x0000000710400000|100%| E|CS|TAMS 0x0000000710200000| PB 0x0000000710200000| Complete 
| 105|0x0000000710400000, 0x0000000710600000, 0x0000000710600000|100%| E|CS|TAMS 0x0000000710400000| PB 0x0000000710400000| Complete 
| 106|0x0000000710600000, 0x0000000710800000, 0x0000000710800000|100%| E|CS|TAMS 0x0000000710600000| PB 0x0000000710600000| Complete 
| 107|0x0000000710800000, 0x0000000710a00000, 0x0000000710a00000|100%| E|CS|TAMS 0x0000000710800000| PB 0x0000000710800000| Complete 
| 108|0x0000000710a00000, 0x0000000710c00000, 0x0000000710c00000|100%| E|CS|TAMS 0x0000000710a00000| PB 0x0000000710a00000| Complete 
| 109|0x0000000710c00000, 0x0000000710e00000, 0x0000000710e00000|100%| E|CS|TAMS 0x0000000710c00000| PB 0x0000000710c00000| Complete 
| 110|0x0000000710e00000, 0x0000000711000000, 0x0000000711000000|100%| E|CS|TAMS 0x0000000710e00000| PB 0x0000000710e00000| Complete 
| 111|0x0000000711000000, 0x0000000711200000, 0x0000000711200000|100%| E|CS|TAMS 0x0000000711000000| PB 0x0000000711000000| Complete 
| 112|0x0000000711200000, 0x0000000711400000, 0x0000000711400000|100%| E|CS|TAMS 0x0000000711200000| PB 0x0000000711200000| Complete 
| 113|0x0000000711400000, 0x0000000711600000, 0x0000000711600000|100%| E|CS|TAMS 0x0000000711400000| PB 0x0000000711400000| Complete 
| 114|0x0000000711600000, 0x0000000711800000, 0x0000000711800000|100%| E|CS|TAMS 0x0000000711600000| PB 0x0000000711600000| Complete 
| 115|0x0000000711800000, 0x0000000711a00000, 0x0000000711a00000|100%| E|CS|TAMS 0x0000000711800000| PB 0x0000000711800000| Complete 
| 116|0x0000000711a00000, 0x0000000711c00000, 0x0000000711c00000|100%| E|CS|TAMS 0x0000000711a00000| PB 0x0000000711a00000| Complete 
| 117|0x0000000711c00000, 0x0000000711e00000, 0x0000000711e00000|100%| E|CS|TAMS 0x0000000711c00000| PB 0x0000000711c00000| Complete 
| 118|0x0000000711e00000, 0x0000000712000000, 0x0000000712000000|100%| E|CS|TAMS 0x0000000711e00000| PB 0x0000000711e00000| Complete 
| 119|0x0000000712000000, 0x0000000712200000, 0x0000000712200000|100%| E|CS|TAMS 0x0000000712000000| PB 0x0000000712000000| Complete 
| 120|0x0000000712200000, 0x0000000712400000, 0x0000000712400000|100%| E|CS|TAMS 0x0000000712200000| PB 0x0000000712200000| Complete 
| 121|0x0000000712400000, 0x0000000712600000, 0x0000000712600000|100%| E|CS|TAMS 0x0000000712400000| PB 0x0000000712400000| Complete 
| 122|0x0000000712600000, 0x0000000712800000, 0x0000000712800000|100%| E|CS|TAMS 0x0000000712600000| PB 0x0000000712600000| Complete 
| 123|0x0000000712800000, 0x0000000712a00000, 0x0000000712a00000|100%| E|CS|TAMS 0x0000000712800000| PB 0x0000000712800000| Complete 
| 124|0x0000000712a00000, 0x0000000712c00000, 0x0000000712c00000|100%| E|CS|TAMS 0x0000000712a00000| PB 0x0000000712a00000| Complete 
| 125|0x0000000712c00000, 0x0000000712e00000, 0x0000000712e00000|100%| E|CS|TAMS 0x0000000712c00000| PB 0x0000000712c00000| Complete 
| 126|0x0000000712e00000, 0x0000000713000000, 0x0000000713000000|100%| E|CS|TAMS 0x0000000712e00000| PB 0x0000000712e00000| Complete 
| 127|0x0000000713000000, 0x0000000713200000, 0x0000000713200000|100%| E|CS|TAMS 0x0000000713000000| PB 0x0000000713000000| Complete 
| 128|0x0000000713200000, 0x0000000713400000, 0x0000000713400000|100%| E|CS|TAMS 0x0000000713200000| PB 0x0000000713200000| Complete 
|1998|0x00000007fce00000, 0x00000007fd000000, 0x00000007fd000000|100%| E|CS|TAMS 0x00000007fce00000| PB 0x00000007fce00000| Complete 
|1999|0x00000007fd000000, 0x00000007fd200000, 0x00000007fd200000|100%| E|CS|TAMS 0x00000007fd000000| PB 0x00000007fd000000| Complete 
|2000|0x00000007fd200000, 0x00000007fd400000, 0x00000007fd400000|100%| E|CS|TAMS 0x00000007fd200000| PB 0x00000007fd200000| Complete 
|2001|0x00000007fd400000, 0x00000007fd600000, 0x00000007fd600000|100%| E|CS|TAMS 0x00000007fd400000| PB 0x00000007fd400000| Complete 
|2002|0x00000007fd600000, 0x00000007fd800000, 0x00000007fd800000|100%| E|CS|TAMS 0x00000007fd600000| PB 0x00000007fd600000| Complete 
|2003|0x00000007fd800000, 0x00000007fda00000, 0x00000007fda00000|100%| E|CS|TAMS 0x00000007fd800000| PB 0x00000007fd800000| Complete 
|2004|0x00000007fda00000, 0x00000007fdc00000, 0x00000007fdc00000|100%| E|CS|TAMS 0x00000007fda00000| PB 0x00000007fda00000| Complete 
|2005|0x00000007fdc00000, 0x00000007fde00000, 0x00000007fde00000|100%| E|CS|TAMS 0x00000007fdc00000| PB 0x00000007fdc00000| Complete 

Card table byte_map: [0x000001c9bb6b0000,0x000001c9bbea0000] _byte_map_base: 0x000001c9b7e97000

Marking Bits: (CMBitMap*) 0x000001c9af53cad0
 Bits: [0x000001c9bc690000, 0x000001c9c05c8000)

Polling page: 0x000001c9af580000

Metaspace:

Usage:
  Non-class:     54.26 MB used.
      Class:      7.34 MB used.
       Both:     61.61 MB used.

Virtual space:
  Non-class space:       64.00 MB reserved,      54.81 MB ( 86%) committed,  1 nodes.
      Class space:        1.00 GB reserved,       7.88 MB ( <1%) committed,  1 nodes.
             Both:        1.06 GB reserved,      62.69 MB (  6%) committed. 

Chunk freelists:
   Non-Class:  995.00 KB
       Class:  183.00 KB
        Both:  1.15 MB

MaxMetaspaceSize: unlimited
CompressedClassSpaceSize: 1.00 GB
Initial GC threshold: 21.00 MB
Current GC threshold: 104.38 MB
CDS: on
MetaspaceReclaimPolicy: balanced
 - commit_granule_bytes: 65536.
 - commit_granule_words: 8192.
 - virtual_space_node_default_size: 8388608.
 - enlarge_chunks_in_place: 1.
 - new_chunks_are_fully_committed: 0.
 - uncommit_free_chunks: 1.
 - use_allocation_guard: 0.


Internal statistics:

num_allocs_failed_limit: 3.
num_arena_births: 5582.
num_arena_deaths: 4558.
num_vsnodes_births: 2.
num_vsnodes_deaths: 0.
num_space_committed: 1003.
num_space_uncommitted: 0.
num_chunks_returned_to_freelist: 5694.
num_chunks_taken_from_freelist: 10085.
num_chunk_merges: 772.
num_chunk_splits: 4058.
num_chunks_enlarged: 2739.
num_inconsistent_stats: 0.

CodeCache: size=49152Kb used=14280Kb max_used=17425Kb free=34872Kb
 bounds [0x000001c9b75d0000, 0x000001c9b8770000, 0x000001c9ba5d0000]
 total_blobs=6776 nmethods=6119 adapters=581
 compilation: enabled
              stopped_count=0, restarted_count=0
 full_count=0

Compilation events (20 events):
Event: 142256.191 Thread 0x000001c9ca07cb80 nmethod 103747 0x000001c9b815d990 code [0x000001c9b815db20, 0x000001c9b815dc00]
Event: 142256.191 Thread 0x000001c9c87785a0 nmethod 103745 0x000001c9b815c890 code [0x000001c9b815cb00, 0x000001c9b815d460]
Event: 142256.192 Thread 0x000001c9c81f93e0 103748       1       java.util.Arrays::sort (24 bytes)
Event: 142256.192 Thread 0x000001c9ca07cb80 103749       1       java.lang.invoke.VarHandleGuards::guard_LI_V (123 bytes)
Event: 142256.192 Thread 0x000001c9c81f93e0 nmethod 103748 0x000001c9b815c590 code [0x000001c9b815c720, 0x000001c9b815c808]
Event: 142256.192 Thread 0x000001c9c81f93e0 103750       1       java.lang.invoke.VarHandleInts$FieldInstanceReadWrite::setRelease (28 bytes)
Event: 142256.192 Thread 0x000001c9c87785a0 103751       1       jdk.internal.misc.Unsafe::putIntRelease (9 bytes)
Event: 142256.193 Thread 0x000001c9c87785a0 nmethod 103751 0x000001c9b815c290 code [0x000001c9b815c400, 0x000001c9b815c4d0]
Event: 142256.193 Thread 0x000001c9c30b2700 103752       1       java.util.ComparableTimSort::sort (219 bytes)
Event: 142256.194 Thread 0x000001c9c81f93e0 nmethod 103750 0x000001c9b815bb90 code [0x000001c9b815bd60, 0x000001c9b815c040]
Event: 142256.194 Thread 0x000001c9c30b2700 nmethod 103752 0x000001c9b815af10 code [0x000001c9b815b100, 0x000001c9b815b518]
Event: 142256.195 Thread 0x000001c9ca07cb80 nmethod 103749 0x000001c9b8159310 code [0x000001c9b8159600, 0x000001c9b815a558]
Event: 142256.196 Thread 0x000001c9ca07cb80 103754       1       org.springframework.core.annotation.AnnotationUtils::isCandidateClass (22 bytes)
Event: 142256.196 Thread 0x000001c9ca07cb80 nmethod 103754 0x000001c9b8158d90 code [0x000001c9b8158f40, 0x000001c9b8159150]
Event: 142256.199 Thread 0x000001c9ca07cb80 103755       1       org.springframework.util.ReflectionUtils::findField (119 bytes)
Event: 142256.200 Thread 0x000001c9ca07cb80 nmethod 103755 0x000001c9b8158410 code [0x000001c9b8158600, 0x000001c9b8158a00]
Event: 142256.205 Thread 0x000001c9c81f93e0 103756   !   1       jdk.proxy2.$Proxy49::annotationType (29 bytes)
Event: 142256.205 Thread 0x000001c9c30b2700 103757       1       org.springframework.beans.factory.support.AbstractBeanDefinition::isSingleton (30 bytes)
Event: 142256.205 Thread 0x000001c9c81f93e0 nmethod 103756 0x000001c9b8157e90 code [0x000001c9b8158040, 0x000001c9b81582a0]
Event: 142256.205 Thread 0x000001c9c30b2700 nmethod 103757 0x000001c9b8157b10 code [0x000001c9b8157ca0, 0x000001c9b8157dd8]

GC Heap History (20 events):
Event: 142174.143 GC heap after
{Heap after GC invocations=5110 (full 26):
 garbage-first heap   total 286720K, used 136230K [0x0000000703200000, 0x0000000800000000)
  region size 2048K, 4 young (8192K), 4 survivors (8192K)
 Metaspace       used 62835K, committed 64128K, reserved 1114112K
  class space    used 7493K, committed 8064K, reserved 1048576K
}
Event: 142186.887 GC heap before
{Heap before GC invocations=5110 (full 26):
 garbage-first heap   total 286720K, used 240678K [0x0000000703200000, 0x0000000800000000)
  region size 2048K, 56 young (114688K), 4 survivors (8192K)
 Metaspace       used 62835K, committed 64128K, reserved 1114112K
  class space    used 7493K, committed 8064K, reserved 1048576K
}
Event: 142186.892 GC heap after
{Heap after GC invocations=5111 (full 26):
 garbage-first heap   total 286720K, used 137792K [0x0000000703200000, 0x0000000800000000)
  region size 2048K, 5 young (10240K), 5 survivors (10240K)
 Metaspace       used 62835K, committed 64128K, reserved 1114112K
  class space    used 7493K, committed 8064K, reserved 1048576K
}
Event: 142199.097 GC heap before
{Heap before GC invocations=5111 (full 26):
 garbage-first heap   total 286720K, used 246336K [0x0000000703200000, 0x0000000800000000)
  region size 2048K, 58 young (118784K), 5 survivors (10240K)
 Metaspace       used 62835K, committed 64128K, reserved 1114112K
  class space    used 7493K, committed 8064K, reserved 1048576K
}
Event: 142199.113 GC heap after
{Heap after GC invocations=5112 (full 26):
 garbage-first heap   total 286720K, used 164991K [0x0000000703200000, 0x0000000800000000)
  region size 2048K, 8 young (16384K), 8 survivors (16384K)
 Metaspace       used 62835K, committed 64128K, reserved 1114112K
  class space    used 7493K, committed 8064K, reserved 1048576K
}
Event: 142203.514 GC heap before
{Heap before GC invocations=5112 (full 26):
 garbage-first heap   total 286720K, used 242815K [0x0000000703200000, 0x0000000800000000)
  region size 2048K, 46 young (94208K), 8 survivors (16384K)
 Metaspace       used 62835K, committed 64128K, reserved 1114112K
  class space    used 7493K, committed 8064K, reserved 1048576K
}
Event: 142203.528 GC heap after
{Heap after GC invocations=5113 (full 26):
 garbage-first heap   total 286720K, used 176823K [0x0000000703200000, 0x0000000800000000)
  region size 2048K, 6 young (12288K), 6 survivors (12288K)
 Metaspace       used 62835K, committed 64128K, reserved 1114112K
  class space    used 7493K, committed 8064K, reserved 1048576K
}
Event: 142210.208 GC heap before
{Heap before GC invocations=5114 (full 26):
 garbage-first heap   total 286720K, used 176823K [0x0000000703200000, 0x0000000800000000)
  region size 2048K, 41 young (83968K), 6 survivors (12288K)
 Metaspace       used 62835K, committed 64128K, reserved 1114112K
  class space    used 7493K, committed 8064K, reserved 1048576K
}
Event: 142210.213 GC heap after
{Heap after GC invocations=5115 (full 26):
 garbage-first heap   total 286720K, used 105163K [0x0000000703200000, 0x0000000800000000)
  region size 2048K, 3 young (6144K), 3 survivors (6144K)
 Metaspace       used 62835K, committed 64128K, reserved 1114112K
  class space    used 7493K, committed 8064K, reserved 1048576K
}
Event: 142222.230 GC heap before
{Heap before GC invocations=5115 (full 26):
 garbage-first heap   total 286720K, used 232139K [0x0000000703200000, 0x0000000800000000)
  region size 2048K, 65 young (133120K), 3 survivors (6144K)
 Metaspace       used 62835K, committed 64128K, reserved 1114112K
  class space    used 7493K, committed 8064K, reserved 1048576K
}
Event: 142222.237 GC heap after
{Heap after GC invocations=5116 (full 26):
 garbage-first heap   total 286720K, used 107388K [0x0000000703200000, 0x0000000800000000)
  region size 2048K, 7 young (14336K), 7 survivors (14336K)
 Metaspace       used 62835K, committed 64128K, reserved 1114112K
  class space    used 7493K, committed 8064K, reserved 1048576K
}
Event: 142236.681 GC heap before
{Heap before GC invocations=5116 (full 26):
 garbage-first heap   total 286720K, used 236412K [0x0000000703200000, 0x0000000800000000)
  region size 2048K, 70 young (143360K), 7 survivors (14336K)
 Metaspace       used 62835K, committed 64128K, reserved 1114112K
  class space    used 7493K, committed 8064K, reserved 1048576K
}
Event: 142236.689 GC heap after
{Heap after GC invocations=5117 (full 26):
 garbage-first heap   total 286720K, used 108135K [0x0000000703200000, 0x0000000800000000)
  region size 2048K, 6 young (12288K), 6 survivors (12288K)
 Metaspace       used 62835K, committed 64128K, reserved 1114112K
  class space    used 7493K, committed 8064K, reserved 1048576K
}
Event: 142254.211 GC heap before
{Heap before GC invocations=5117 (full 26):
 garbage-first heap   total 286720K, used 237159K [0x0000000703200000, 0x0000000800000000)
  region size 2048K, 69 young (141312K), 6 survivors (12288K)
 Metaspace       used 62835K, committed 64128K, reserved 1114112K
  class space    used 7493K, committed 8064K, reserved 1048576K
}
Event: 142254.229 GC heap after
{Heap after GC invocations=5118 (full 26):
 garbage-first heap   total 286720K, used 130366K [0x0000000703200000, 0x0000000800000000)
  region size 2048K, 9 young (18432K), 9 survivors (18432K)
 Metaspace       used 62835K, committed 64128K, reserved 1114112K
  class space    used 7493K, committed 8064K, reserved 1048576K
}
Event: 142254.400 GC heap before
{Heap before GC invocations=5118 (full 26):
 garbage-first heap   total 286720K, used 142654K [0x0000000703200000, 0x0000000800000000)
  region size 2048K, 16 young (32768K), 9 survivors (18432K)
 Metaspace       used 62839K, committed 64128K, reserved 1114112K
  class space    used 7494K, committed 8064K, reserved 1048576K
}
Event: 142254.480 GC heap after
{Heap after GC invocations=5119 (full 27):
 garbage-first heap   total 280576K, used 76968K [0x0000000703200000, 0x0000000800000000)
  region size 2048K, 0 young (0K), 0 survivors (0K)
 Metaspace       used 62833K, committed 64128K, reserved 1114112K
  class space    used 7493K, committed 8064K, reserved 1048576K
}
Event: 142268.049 GC heap before
{Heap before GC invocations=5119 (full 27):
 garbage-first heap   total 280576K, used 208040K [0x0000000703200000, 0x0000000800000000)
  region size 2048K, 65 young (133120K), 0 survivors (0K)
 Metaspace       used 63087K, committed 64192K, reserved 1114112K
  class space    used 7521K, committed 8064K, reserved 1048576K
}
Event: 142268.060 GC heap after
{Heap after GC invocations=5120 (full 27):
 garbage-first heap   total 280576K, used 95963K [0x0000000703200000, 0x0000000800000000)
  region size 2048K, 9 young (18432K), 9 survivors (18432K)
 Metaspace       used 63087K, committed 64192K, reserved 1114112K
  class space    used 7521K, committed 8064K, reserved 1048576K
}
Event: 142283.189 GC heap before
{Heap before GC invocations=5120 (full 27):
 garbage-first heap   total 280576K, used 216795K [0x0000000703200000, 0x0000000800000000)
  region size 2048K, 68 young (139264K), 9 survivors (18432K)
 Metaspace       used 63087K, committed 64192K, reserved 1114112K
  class space    used 7521K, committed 8064K, reserved 1048576K
}

Dll operation events (13 events):
Event: 0.010 Loaded shared library C:\Curso\java\jdk-20\bin\java.dll
Event: 0.019 Loaded shared library C:\Curso\java\jdk-20\bin\jsvml.dll
Event: 0.377 Loaded shared library C:\Curso\java\jdk-20\bin\zip.dll
Event: 0.380 Loaded shared library C:\Curso\java\jdk-20\bin\instrument.dll
Event: 0.387 Loaded shared library C:\Curso\java\jdk-20\bin\net.dll
Event: 0.388 Loaded shared library C:\Curso\java\jdk-20\bin\nio.dll
Event: 0.394 Loaded shared library C:\Curso\java\jdk-20\bin\zip.dll
Event: 0.575 Loaded shared library C:\Curso\java\jdk-20\bin\jimage.dll
Event: 0.624 Loaded shared library C:\Curso\java\jdk-20\bin\management.dll
Event: 0.634 Loaded shared library C:\Curso\java\jdk-20\bin\management_ext.dll
Event: 0.932 Loaded shared library C:\Curso\java\jdk-20\bin\extnet.dll
Event: 0.962 Loaded shared library C:\Curso\java\jdk-20\bin\verify.dll
Event: 3.339 Loaded shared library C:\Curso\java\jdk-20\bin\sunmscapi.dll

Deoptimization events (20 events):
Event: 142256.206 Thread 0x000001c9c779e500 DEOPT PACKING pc=0x000001c9b7c12124 sp=0x0000009cb6bfa020
Event: 142256.206 Thread 0x000001c9c779e500 DEOPT UNPACKING pc=0x000001c9b763a4c2 sp=0x0000009cb6bf9558 mode 1
Event: 142256.206 Thread 0x000001c9c779e500 DEOPT PACKING pc=0x000001c9b7fd49d4 sp=0x0000009cb6bfa110
Event: 142256.206 Thread 0x000001c9c779e500 DEOPT UNPACKING pc=0x000001c9b763a4c2 sp=0x0000009cb6bf96b8 mode 1
Event: 142256.206 Thread 0x000001c9c779e500 DEOPT PACKING pc=0x000001c9b7fd3234 sp=0x0000009cb6bfa270
Event: 142256.206 Thread 0x000001c9c779e500 DEOPT UNPACKING pc=0x000001c9b763a4c2 sp=0x0000009cb6bf9830 mode 1
Event: 142263.536 Thread 0x000001c9c779e500 DEOPT PACKING pc=0x000001c9b7c12124 sp=0x0000009cb6bfd220
Event: 142263.536 Thread 0x000001c9c779e500 DEOPT UNPACKING pc=0x000001c9b763a4c2 sp=0x0000009cb6bfc758 mode 1
Event: 142263.536 Thread 0x000001c9c779e500 DEOPT PACKING pc=0x000001c9b7fd49d4 sp=0x0000009cb6bfd310
Event: 142263.536 Thread 0x000001c9c779e500 DEOPT UNPACKING pc=0x000001c9b763a4c2 sp=0x0000009cb6bfc8b8 mode 1
Event: 142263.536 Thread 0x000001c9c779e500 DEOPT PACKING pc=0x000001c9b7fd3234 sp=0x0000009cb6bfd470
Event: 142263.536 Thread 0x000001c9c779e500 DEOPT UNPACKING pc=0x000001c9b763a4c2 sp=0x0000009cb6bfca30 mode 1
Event: 142263.536 Thread 0x000001c9c779e500 DEOPT PACKING pc=0x000001c9b7c12124 sp=0x0000009cb6bfd220
Event: 142263.536 Thread 0x000001c9c779e500 DEOPT UNPACKING pc=0x000001c9b763a4c2 sp=0x0000009cb6bfc758 mode 1
Event: 142263.536 Thread 0x000001c9c779e500 DEOPT PACKING pc=0x000001c9b7fd49d4 sp=0x0000009cb6bfd310
Event: 142263.536 Thread 0x000001c9c779e500 DEOPT UNPACKING pc=0x000001c9b763a4c2 sp=0x0000009cb6bfc8b8 mode 1
Event: 142263.536 Thread 0x000001c9c779e500 DEOPT PACKING pc=0x000001c9b7fd3234 sp=0x0000009cb6bfd470
Event: 142263.536 Thread 0x000001c9c779e500 DEOPT UNPACKING pc=0x000001c9b763a4c2 sp=0x0000009cb6bfca30 mode 1
Event: 142270.495 Thread 0x000001c9c779e500 DEOPT PACKING pc=0x000001c9b7bef58c sp=0x0000009cb6bfe0f0
Event: 142270.495 Thread 0x000001c9c779e500 DEOPT UNPACKING pc=0x000001c9b763a4c2 sp=0x0000009cb6bfd5a8 mode 0

Classes loaded (20 events):
Event: 126991.509 Loading class java/time/DurationEditor
Event: 126991.509 Loading class java/time/DurationEditor done
Event: 127043.804 Loading class sun/net/ConnectionResetException
Event: 127043.804 Loading class sun/net/ConnectionResetException done
Event: 127132.803 Loading class java/time/DurationEditor
Event: 127132.803 Loading class java/time/DurationEditor done
Event: 130337.174 Loading class java/time/DurationEditor
Event: 130337.174 Loading class java/time/DurationEditor done
Event: 133280.873 Loading class java/time/DurationEditor
Event: 133280.873 Loading class java/time/DurationEditor done
Event: 133537.549 Loading class java/time/DurationEditor
Event: 133537.549 Loading class java/time/DurationEditor done
Event: 133699.906 Loading class java/time/DurationEditor
Event: 133699.906 Loading class java/time/DurationEditor done
Event: 134231.411 Loading class java/time/DurationEditor
Event: 134231.411 Loading class java/time/DurationEditor done
Event: 134472.817 Loading class java/time/DurationEditor
Event: 134472.817 Loading class java/time/DurationEditor done
Event: 136688.926 Loading class java/time/DurationEditor
Event: 136688.926 Loading class java/time/DurationEditor done

Classes unloaded (20 events):
Event: 140560.499 Thread 0x000001c9c3089f90 Unloading class 0x00000008017db000 'jdk/internal/reflect/GeneratedSerializationConstructorAccessor352'
Event: 140643.477 Thread 0x000001c9c3089f90 Unloading class 0x00000008017a5c00 'java/lang/invoke/LambdaForm$MH+0x00000008017a5c00'
Event: 140643.477 Thread 0x000001c9c3089f90 Unloading class 0x00000008017a7800 'java/lang/invoke/LambdaForm$MH+0x00000008017a7800'
Event: 140643.477 Thread 0x000001c9c3089f90 Unloading class 0x00000008017dcc00 'java/lang/invoke/LambdaForm$MH+0x00000008017dcc00'
Event: 140812.673 Thread 0x000001c9c3089f90 Unloading class 0x00000008017db000 'jdk/internal/reflect/GeneratedSerializationConstructorAccessor357'
Event: 140812.673 Thread 0x000001c9c3089f90 Unloading class 0x00000008017b8000 'jdk/internal/reflect/GeneratedSerializationConstructorAccessor356'
Event: 140812.673 Thread 0x000001c9c3089f90 Unloading class 0x00000008017a9400 'jdk/internal/reflect/GeneratedSerializationConstructorAccessor355'
Event: 141029.770 Thread 0x000001c9c3089f90 Unloading class 0x00000008017a9400 'jdk/internal/reflect/GeneratedSerializationConstructorAccessor360'
Event: 141029.771 Thread 0x000001c9c3089f90 Unloading class 0x00000008017b8000 'jdk/internal/reflect/GeneratedSerializationConstructorAccessor359'
Event: 141029.771 Thread 0x000001c9c3089f90 Unloading class 0x00000008017db000 'jdk/internal/reflect/GeneratedSerializationConstructorAccessor358'
Event: 141263.424 Thread 0x000001c9c3089f90 Unloading class 0x00000008017a9400 'java/lang/invoke/LambdaForm$MH+0x00000008017a9400'
Event: 141263.424 Thread 0x000001c9c3089f90 Unloading class 0x00000008017a5c00 'java/lang/invoke/LambdaForm$MH+0x00000008017a5c00'
Event: 141263.424 Thread 0x000001c9c3089f90 Unloading class 0x0000000801720800 'java/lang/invoke/LambdaForm$MH+0x0000000801720800'
Event: 141263.424 Thread 0x000001c9c3089f90 Unloading class 0x00000008017ddc00 'java/lang/invoke/LambdaForm$MH+0x00000008017ddc00'
Event: 141457.995 Thread 0x000001c9c3089f90 Unloading class 0x00000008017a7800 'jdk/internal/reflect/GeneratedSerializationConstructorAccessor363'
Event: 141457.995 Thread 0x000001c9c3089f90 Unloading class 0x00000008017db000 'jdk/internal/reflect/GeneratedSerializationConstructorAccessor362'
Event: 141457.995 Thread 0x000001c9c3089f90 Unloading class 0x00000008017b8000 'jdk/internal/reflect/GeneratedSerializationConstructorAccessor361'
Event: 142254.438 Thread 0x000001c9c3089f90 Unloading class 0x00000008017a7400 'java/lang/invoke/LambdaForm$MH+0x00000008017a7400'
Event: 142254.438 Thread 0x000001c9c3089f90 Unloading class 0x0000000801764400 'java/lang/invoke/LambdaForm$MH+0x0000000801764400'
Event: 142254.438 Thread 0x000001c9c3089f90 Unloading class 0x00000008017a9000 'java/lang/invoke/LambdaForm$DMH+0x00000008017a9000'

Classes redefined (2 events):
Event: 133256.496 Thread 0x000001c9c3089f90 redefined class name=com.ayalait.response.ResponseListaCostosDirect, count=1
Event: 133256.496 Thread 0x000001c9c3089f90 redefined class name=com.ayalait.response.ResponseListaCostosDirect, count=1

Internal exceptions (20 events):
Event: 138234.077 Thread 0x000001c9c84095a0 Exception <a 'java/lang/NoSuchMethodError'{0x000000070bf6ab38}: static [B.<clinit>()V> (0x000000070bf6ab38) 
thrown [s\open\src\hotspot\share\prims\jni.cpp, line 1105]
Event: 138534.079 Thread 0x000001c9c84095a0 Exception <a 'java/lang/NoSuchMethodError'{0x000000070af2e6d8}: static [B.<clinit>()V> (0x000000070af2e6d8) 
thrown [s\open\src\hotspot\share\prims\jni.cpp, line 1105]
Event: 139434.111 Thread 0x000001c9c84095a0 Exception <a 'java/lang/NoSuchMethodError'{0x000000070df407d8}: static [B.<clinit>()V> (0x000000070df407d8) 
thrown [s\open\src\hotspot\share\prims\jni.cpp, line 1105]
Event: 139734.114 Thread 0x000001c9c84095a0 Exception <a 'java/lang/NoSuchMethodError'{0x000000070ef6f280}: static [B.<clinit>()V> (0x000000070ef6f280) 
thrown [s\open\src\hotspot\share\prims\jni.cpp, line 1105]
Event: 140034.114 Thread 0x000001c9c84095a0 Exception <a 'java/lang/NoSuchMethodError'{0x000000071235e990}: static [B.<clinit>()V> (0x000000071235e990) 
thrown [s\open\src\hotspot\share\prims\jni.cpp, line 1105]
Event: 140334.115 Thread 0x000001c9c84095a0 Exception <a 'java/lang/NoSuchMethodError'{0x00000007fe6ae198}: static [B.<clinit>()V> (0x00000007fe6ae198) 
thrown [s\open\src\hotspot\share\prims\jni.cpp, line 1105]
Event: 140634.125 Thread 0x000001c9c84095a0 Exception <a 'java/lang/NoSuchMethodError'{0x00000007fdbc40b8}: static [B.<clinit>()V> (0x00000007fdbc40b8) 
thrown [s\open\src\hotspot\share\prims\jni.cpp, line 1105]
Event: 140934.132 Thread 0x000001c9c84095a0 Exception <a 'java/lang/NoSuchMethodError'{0x000000070e0908d0}: static [B.<clinit>()V> (0x000000070e0908d0) 
thrown [s\open\src\hotspot\share\prims\jni.cpp, line 1105]
Event: 141234.139 Thread 0x000001c9c84095a0 Exception <a 'java/lang/NoSuchMethodError'{0x00000007ffc9b200}: static [B.<clinit>()V> (0x00000007ffc9b200) 
thrown [s\open\src\hotspot\share\prims\jni.cpp, line 1105]
Event: 141534.134 Thread 0x000001c9c84095a0 Exception <a 'java/lang/NoSuchMethodError'{0x000000070dd26dc8}: static [B.<clinit>()V> (0x000000070dd26dc8) 
thrown [s\open\src\hotspot\share\prims\jni.cpp, line 1105]
Event: 142254.396 Thread 0x000001c9c96b3340 Exception <a 'java/lang/InterruptedException'{0x00000007fd67c978}: sleep interrupted> (0x00000007fd67c978) 
thrown [s\open\src\hotspot\share\prims\jvm.cpp, line 3086]
Event: 142254.583 Thread 0x000001c9c779e500 Exception <a 'sun/nio/fs/WindowsException'{0x00000007fdb32b40}> (0x00000007fdb32b40) 
thrown [s\open\src\hotspot\share\prims\jni.cpp, line 519]
Event: 142254.738 Thread 0x000001c9c779e500 Exception <a 'java/lang/NoSuchMethodError'{0x00000007fd9a4aa0}: 'void java.lang.invoke.DelegatingMethodHandle$Holder.reinvoke_L(java.lang.Object, java.lang.Object, int)'> (0x00000007fd9a4aa0) 
thrown [s\open\src\hotspot\share\interpreter\linkResolver.cpp, line 773]
Event: 142255.873 Thread 0x000001c9c779e500 Exception <a 'java/lang/NoClassDefFoundError'{0x0000000711c6f4b8}: org/flywaydb/core/Flyway> (0x0000000711c6f4b8) 
thrown [s\open\src\hotspot\share\oops\constantPool.cpp, line 848]
Event: 142255.875 Thread 0x000001c9c779e500 Exception <a 'java/lang/NoClassDefFoundError'{0x0000000711c6fb18}: liquibase/integration/spring/SpringLiquibase> (0x0000000711c6fb18) 
thrown [s\open\src\hotspot\share\oops\constantPool.cpp, line 848]
Event: 142255.995 Thread 0x000001c9c779e500 Exception <a 'java/lang/NoSuchMethodError'{0x0000000711b67dd8}: 'int java.lang.invoke.DirectMethodHandle$Holder.invokeVirtual(java.lang.Object, java.lang.Object, java.lang.Object, java.lang.Object)'> (0x0000000711b67dd8) 
thrown [s\open\src\hotspot\share\interpreter\linkResolver.cpp, line 773]
Event: 142255.996 Thread 0x000001c9c779e500 Exception <a 'java/lang/NoSuchMethodError'{0x0000000711b6b3a0}: 'int java.lang.invoke.DelegatingMethodHandle$Holder.reinvoke_L(java.lang.Object, java.lang.Object, java.lang.Object, java.lang.Object)'> (0x0000000711b6b3a0) 
thrown [s\open\src\hotspot\share\interpreter\linkResolver.cpp, line 773]
Event: 142256.113 Thread 0x000001c9c779e500 Exception <a 'java/io/FileNotFoundException'{0x000000071150db28}> (0x000000071150db28) 
thrown [s\open\src\hotspot\share\prims\jni.cpp, line 519]
Event: 142256.114 Thread 0x000001c9c779e500 Exception <a 'java/io/FileNotFoundException'{0x000000071150ec98}> (0x000000071150ec98) 
thrown [s\open\src\hotspot\share\prims\jni.cpp, line 519]
Event: 142256.190 Thread 0x000001c9c779e500 Exception <a 'java/io/FileNotFoundException'{0x00000007110b1210}> (0x00000007110b1210) 
thrown [s\open\src\hotspot\share\prims\jni.cpp, line 519]

VM Operations (20 events):
Event: 142272.226 Executing VM operation: get/set locals done
Event: 142272.227 Executing VM operation: get/set locals
Event: 142272.227 Executing VM operation: get/set locals done
Event: 142272.227 Executing VM operation: get/set locals
Event: 142272.228 Executing VM operation: get/set locals done
Event: 142272.228 Executing VM operation: get/set locals
Event: 142272.228 Executing VM operation: get/set locals done
Event: 142272.229 Executing VM operation: get/set locals
Event: 142272.229 Executing VM operation: get/set locals done
Event: 142272.230 Executing VM operation: get/set locals
Event: 142272.232 Executing VM operation: get/set locals done
Event: 142272.236 Executing VM operation: get/set locals
Event: 142272.236 Executing VM operation: get/set locals done
Event: 142272.237 Executing VM operation: get/set locals
Event: 142272.237 Executing VM operation: get/set locals done
Event: 142272.238 Executing VM operation: get/set locals
Event: 142272.238 Executing VM operation: get/set locals done
Event: 142272.239 Executing VM operation: get/set locals
Event: 142272.239 Executing VM operation: get/set locals done
Event: 142283.189 Executing VM operation: G1CollectForAllocation

Events (20 events):
Event: 142254.448 Thread 0x000001c9c3089f90 flushing nmethod 0x000001c9b7764310
Event: 142254.448 Thread 0x000001c9c3089f90 flushing nmethod 0x000001c9b7732310
Event: 142254.448 Thread 0x000001c9c3089f90 flushing nmethod 0x000001c9b774ea90
Event: 142254.448 Thread 0x000001c9c3089f90 flushing nmethod 0x000001c9b774e790
Event: 142254.448 Thread 0x000001c9c3089f90 flushing nmethod 0x000001c9b7731a10
Event: 142254.448 Thread 0x000001c9c3089f90 flushing nmethod 0x000001c9b7716590
Event: 142254.448 Thread 0x000001c9c3089f90 flushing nmethod 0x000001c9b7723890
Event: 142254.481 Thread 0x000001c9c779fa40 Thread added: 0x000001c9c779fa40
Event: 142254.483 Thread 0x000001c9c779e500 Thread added: 0x000001c9c779e500
Event: 142254.483 Thread 0x000001c9c779fa40 Thread exited: 0x000001c9c779fa40
Event: 142254.615 Thread 0x000001c9c96b5320 Thread exited: 0x000001c9c96b5320
Event: 142254.618 Thread 0x000001c9c96b5870 Thread exited: 0x000001c9c96b5870
Event: 142255.055 Thread 0x000001c9c96b4880 Thread added: 0x000001c9c96b4880
Event: 142255.197 Thread 0x000001c9c96b4880 Thread exited: 0x000001c9c96b4880
Event: 142256.193 Thread 0x000001c9c96b6db0 Thread added: 0x000001c9c96b6db0
Event: 142256.193 Thread 0x000001c9c96b5870 Thread added: 0x000001c9c96b5870
Event: 142256.193 Thread 0x000001c9c96b3340 Thread added: 0x000001c9c96b3340
Event: 142261.215 Thread 0x000001c9c81f93e0 Thread exited: 0x000001c9c81f93e0
Event: 142266.227 Thread 0x000001c9c87785a0 Thread exited: 0x000001c9c87785a0
Event: 142266.227 Thread 0x000001c9ca07cb80 Thread exited: 0x000001c9ca07cb80


Dynamic libraries:
0x00007ff7b8dd0000 - 0x00007ff7b8dde000 	C:\Curso\java\jdk-20\bin\javaw.exe
0x00007ffe2dc50000 - 0x00007ffe2dea5000 	C:\WINDOWS\SYSTEM32\ntdll.dll
0x00007ffe2d270000 - 0x00007ffe2d337000 	C:\WINDOWS\System32\KERNEL32.DLL
0x00007ffe2b640000 - 0x00007ffe2b9e0000 	C:\WINDOWS\System32\KERNELBASE.dll
0x00007ffe2b210000 - 0x00007ffe2b35a000 	C:\WINDOWS\System32\ucrtbase.dll
0x00007ffe06430000 - 0x00007ffe0644b000 	C:\Curso\java\jdk-20\bin\VCRUNTIME140.dll
0x00007ffe17260000 - 0x00007ffe17277000 	C:\Curso\java\jdk-20\bin\jli.dll
0x00007ffe2d0a0000 - 0x00007ffe2d25f000 	C:\WINDOWS\System32\USER32.dll
0x00007ffe2b360000 - 0x00007ffe2b387000 	C:\WINDOWS\System32\win32u.dll
0x00007ffe1b580000 - 0x00007ffe1b810000 	C:\WINDOWS\WinSxS\amd64_microsoft.windows.common-controls_6595b64144ccf1df_6.0.26100.1_none_fc2d3fda0fd46076\COMCTL32.dll
0x00007ffe2bb10000 - 0x00007ffe2bb3a000 	C:\WINDOWS\System32\GDI32.dll
0x00007ffe2d340000 - 0x00007ffe2d3e9000 	C:\WINDOWS\System32\msvcrt.dll
0x00007ffe2b510000 - 0x00007ffe2b631000 	C:\WINDOWS\System32\gdi32full.dll
0x00007ffe2b0a0000 - 0x00007ffe2b143000 	C:\WINDOWS\System32\msvcp_win.dll
0x00007ffe2c0c0000 - 0x00007ffe2c0ef000 	C:\WINDOWS\System32\IMM32.DLL
0x00007ffe17550000 - 0x00007ffe1755c000 	C:\Curso\java\jdk-20\bin\vcruntime140_1.dll
0x00007ffe01ed0000 - 0x00007ffe01f5e000 	C:\Curso\java\jdk-20\bin\msvcp140.dll
0x00007ffd55980000 - 0x00007ffd56617000 	C:\Curso\java\jdk-20\bin\server\jvm.dll
0x00007ffe2bb40000 - 0x00007ffe2bbf2000 	C:\WINDOWS\System32\ADVAPI32.dll
0x00007ffe2c360000 - 0x00007ffe2c406000 	C:\WINDOWS\System32\sechost.dll
0x00007ffe2c100000 - 0x00007ffe2c219000 	C:\WINDOWS\System32\RPCRT4.dll
0x00007ffe0bc70000 - 0x00007ffe0bca6000 	C:\WINDOWS\SYSTEM32\WINMM.dll
0x00007ffe0cf30000 - 0x00007ffe0cf3a000 	C:\WINDOWS\SYSTEM32\WSOCK32.dll
0x00007ffe13840000 - 0x00007ffe1384b000 	C:\WINDOWS\SYSTEM32\VERSION.dll
0x00007ffe2d480000 - 0x00007ffe2d4f4000 	C:\WINDOWS\System32\WS2_32.dll
0x00007ffe2a090000 - 0x00007ffe2a0aa000 	C:\WINDOWS\SYSTEM32\kernel.appcore.dll
0x00007ffe262d0000 - 0x00007ffe262da000 	C:\Curso\java\jdk-20\bin\jimage.dll
0x00007ffe283d0000 - 0x00007ffe28611000 	C:\WINDOWS\SYSTEM32\DBGHELP.DLL
0x00007ffe2d670000 - 0x00007ffe2d9e5000 	C:\WINDOWS\System32\combase.dll
0x00007ffe2d590000 - 0x00007ffe2d666000 	C:\WINDOWS\System32\OLEAUT32.dll
0x00007ffe0ebf0000 - 0x00007ffe0ec29000 	C:\WINDOWS\SYSTEM32\dbgcore.DLL
0x00007ffe2ba70000 - 0x00007ffe2bb09000 	C:\WINDOWS\System32\bcryptPrimitives.dll
0x00007ffe01e90000 - 0x00007ffe01ecc000 	C:\Curso\java\jdk-20\bin\jdwp.dll
0x00007ffe07190000 - 0x00007ffe0719e000 	C:\Curso\java\jdk-20\bin\instrument.dll
0x00007ffe17580000 - 0x00007ffe175a6000 	C:\Curso\java\jdk-20\bin\java.dll
0x00007ffe01cc0000 - 0x00007ffe01d97000 	C:\Curso\java\jdk-20\bin\jsvml.dll
0x00007ffe2c940000 - 0x00007ffe2d026000 	C:\WINDOWS\System32\SHELL32.dll
0x00007ffe28ef0000 - 0x00007ffe2971b000 	C:\WINDOWS\SYSTEM32\windows.storage.dll
0x00007ffe2d9f0000 - 0x00007ffe2dac3000 	C:\WINDOWS\System32\SHCORE.dll
0x00007ffe2d040000 - 0x00007ffe2d09d000 	C:\WINDOWS\System32\shlwapi.dll
0x00007ffe2afc0000 - 0x00007ffe2afe4000 	C:\WINDOWS\SYSTEM32\profapi.dll
0x00007ffe06420000 - 0x00007ffe0642c000 	C:\Curso\java\jdk-20\bin\dt_socket.dll
0x00007ffe29af0000 - 0x00007ffe29b20000 	C:\WINDOWS\SYSTEM32\IPHLPAPI.DLL
0x00007ffe2a550000 - 0x00007ffe2a5b8000 	C:\WINDOWS\system32\mswsock.dll
0x00007ffe29bc0000 - 0x00007ffe29cdb000 	C:\WINDOWS\SYSTEM32\DNSAPI.dll
0x00007ffe2bc00000 - 0x00007ffe2bc0a000 	C:\WINDOWS\System32\NSI.dll
0x00007ffe19920000 - 0x00007ffe1992b000 	C:\Windows\System32\rasadhlp.dll
0x00007ffe199e0000 - 0x00007ffe19a65000 	C:\WINDOWS\System32\fwpuclnt.dll
0x00007ffe17560000 - 0x00007ffe17578000 	C:\Curso\java\jdk-20\bin\zip.dll
0x00007ffe23bf0000 - 0x00007ffe23c03000 	C:\Curso\java\jdk-20\bin\net.dll
0x00007ffe20a90000 - 0x00007ffe20bad000 	C:\WINDOWS\SYSTEM32\WINHTTP.dll
0x00007ffe18780000 - 0x00007ffe18796000 	C:\Curso\java\jdk-20\bin\nio.dll
0x00007ffe174d0000 - 0x00007ffe174da000 	C:\Curso\java\jdk-20\bin\management.dll
0x00007ffe17080000 - 0x00007ffe1708b000 	C:\Curso\java\jdk-20\bin\management_ext.dll
0x00007ffe2d500000 - 0x00007ffe2d508000 	C:\WINDOWS\System32\PSAPI.DLL
0x00007ffe05c30000 - 0x00007ffe05c48000 	C:\WINDOWS\system32\napinsp.dll
0x00007ffe05990000 - 0x00007ffe059a2000 	C:\WINDOWS\System32\winrnr.dll
0x00007ffe05960000 - 0x00007ffe05982000 	C:\WINDOWS\system32\nlansp_c.dll
0x00007ffe05940000 - 0x00007ffe05956000 	C:\WINDOWS\system32\wshbth.dll
0x00007ffe2a7d0000 - 0x00007ffe2a7ec000 	C:\WINDOWS\SYSTEM32\CRYPTSP.dll
0x00007ffe29ff0000 - 0x00007ffe2a028000 	C:\WINDOWS\system32\rsaenh.dll
0x00007ffe2a5f0000 - 0x00007ffe2a61b000 	C:\WINDOWS\SYSTEM32\USERENV.dll
0x00007ffe2aa10000 - 0x00007ffe2aa36000 	C:\WINDOWS\SYSTEM32\bcrypt.dll
0x00007ffe2a7f0000 - 0x00007ffe2a7fc000 	C:\WINDOWS\SYSTEM32\CRYPTBASE.dll
0x00007ffe199c0000 - 0x00007ffe199dc000 	C:\WINDOWS\SYSTEM32\dhcpcsvc6.DLL
0x00007ffe19960000 - 0x00007ffe19982000 	C:\WINDOWS\SYSTEM32\dhcpcsvc.DLL
0x00007ffe18810000 - 0x00007ffe18817000 	C:\Curso\java\jdk-20\bin\extnet.dll
0x00007ffe262c0000 - 0x00007ffe262d0000 	C:\Curso\java\jdk-20\bin\verify.dll
0x00007ffe23b50000 - 0x00007ffe23b5e000 	C:\Curso\java\jdk-20\bin\sunmscapi.dll
0x00007ffe2b390000 - 0x00007ffe2b506000 	C:\WINDOWS\System32\CRYPT32.dll
0x00007ffe2a9d0000 - 0x00007ffe2aa00000 	C:\WINDOWS\SYSTEM32\ncrypt.dll
0x00007ffe2a980000 - 0x00007ffe2a9bf000 	C:\WINDOWS\SYSTEM32\NTASN1.dll
0x00007ffe0e430000 - 0x00007ffe0e438000 	C:\WINDOWS\system32\wshunix.dll

dbghelp: loaded successfully - version: 4.0.5 - missing functions: none
symbol engine: initialized successfully - sym options: 0x614 - pdb path: .;C:\Curso\java\jdk-20\bin;C:\WINDOWS\SYSTEM32;C:\WINDOWS\WinSxS\amd64_microsoft.windows.common-controls_6595b64144ccf1df_6.0.26100.1_none_fc2d3fda0fd46076;C:\Curso\java\jdk-20\bin\server

VM Arguments:
jvm_args: -XX:+ShowCodeDetailsInExceptionMessages -agentlib:jdwp=transport=dt_socket,suspend=y,address=localhost:61678 -Dcom.sun.management.jmxremote -Dcom.sun.management.jmxremote.port=61675 -Dcom.sun.management.jmxremote.authenticate=false -Dcom.sun.management.jmxremote.ssl=false -Djava.rmi.server.hostname=localhost -Dspring.jmx.enabled=true -Dmanagement.endpoints.jmx.exposure.include=* -Dspring.application.admin.enabled=true -XX:TieredStopAtLevel=1 -Dspring.boot.project.name=gesventas -javaagent:C:\Users\pedro\eclipse\jee-2023-12\eclipse\configuration\org.eclipse.osgi\434\0\.cp\lib\javaagent-shaded.jar -Dfile.encoding=UTF-8 -Dstdout.encoding=UTF-8 -Dstderr.encoding=UTF-8 
java_command: com.ayalait.gesventas.GesVentas --spring.output.ansi.enabled=always
java_class_path (initial): C:\Proyectos\Salvas\GesVentas\target\classes;C:\Proyectos\utils-common\target\classes;C:\Users\pedro\.m2\repository\com\google\code\gson\gson\2.8.5\gson-2.8.5.jar;C:\Users\pedro\.m2\repository\javax\persistence\javax.persistence-api\2.2\javax.persistence-api-2.2.jar;C:\Users\pedro\.m2\repository\org\json\json\20231013\json-20231013.jar;C:\Users\pedro\.m2\repository\org\springframework\boot\spring-boot-starter-web\2.7.11\spring-boot-starter-web-2.7.11.jar;C:\Users\pedro\.m2\repository\org\springframework\boot\spring-boot-starter\2.7.11\spring-boot-starter-2.7.11.jar;C:\Users\pedro\.m2\repository\org\springframework\boot\spring-boot-starter-logging\2.7.11\spring-boot-starter-logging-2.7.11.jar;C:\Users\pedro\.m2\repository\ch\qos\logback\logback-classic\1.2.12\logback-classic-1.2.12.jar;C:\Users\pedro\.m2\repository\ch\qos\logback\logback-core\1.2.12\logback-core-1.2.12.jar;C:\Users\pedro\.m2\repository\org\apache\logging\log4j\log4j-to-slf4j\2.17.2\log4j-to-slf4j-2.17.2.jar;C:\Users\pedro\.m2\repository\org\apache\logging\log4j\log4j-api\2.17.2\log4j-api-2.17.2.jar;C:\Users\pedro\.m2\repository\org\slf4j\jul-to-slf4j\1.7.36\jul-to-slf4j-1.7.36.jar;C:\Users\pedro\.m2\repository\org\yaml\snakeyaml\1.30\snakeyaml-1.30.jar;C:\Users\pedro\.m2\repository\org\springframework\boot\spring-boot-starter-json\2.7.11\spring-boot-starter-json-2.7.11.jar;C:\Users\pedro\.m2\repository\com\fasterxml\jackson\datatype\jackson-datatype-jdk8\2.13.5\jackson-datatype-jdk8-2.13.5.jar;C:\Users\pedro\.m2\repository\com\fasterxml\jackson\module\jackson-module-parameter-names\2.13.5\jackson-module-parameter-names-2.13.5.jar;C:\Users\pedro\.m2\repository\org\springframework\spring-web\5.3.27\spring-web-5.3.27.jar;C:\Users\pedro\.m2\repository\org\springframework\spring-beans\5.3.27\spring-beans-5.3.27.jar;C:\Users\pedro\.m2\repository\org\springframework\spring-webmvc\5.3.27\spring-webmvc-5.3.27.jar;C:\Users\pedro\.m2\repository\org\springframework\spring-aop\5.3.27\spring-aop-5.3.27.jar;C:\Users\pedro\.m2\repository\org\springframework\spring-context\5.3.27\spring-context-5.3.27.jar;C:\Users\pedro\.m2\repository\org\springframework\spring-expression\5.3.27\spring-expression-5.3.27.jar;C:\Users\pedro\.m2\repository\org\springframework\boot\spring-boot-starter-thymeleaf\2.7.11\spring-boot-starter-thymeleaf-2.7.11.jar;C:\Users\pedro\.m2\repository\org\thymeleaf\thymeleaf-spring5\3.0.15.RELEASE\thymeleaf-spring5-3.0.15.RELEASE.jar;C:\Users\pedro\.m2\repository\org\thymeleaf\thymeleaf\3.0.15.RELEASE\thymeleaf-3.0.15.RELEASE.jar;C:\Users\pedro\.m2\repository\org\attoparser\attoparser\2.0.5.RELEASE\attoparser-2.0.5.RELEASE.jar;C:\Users\pedro\.m2\repository\org\unbescape\unbescape\1.1.6.RELEASE\unbescape-1.1.6.RELEASE.jar;C:\Users\pedro\.m2\repository\org\thymeleaf\extras\thymeleaf-extras-java8time\3.0.4.RELEASE\thymeleaf-extras-java8time-3.0.4.RELEASE.jar;C:\Users\pedro\.m2\repository\org\springframework\boot\spring-boot-starter-tomcat\2.7.11\spring-boot-starter-tomcat-2.7.11.jar;C:\Users\pedro\.m2\repository\jakarta\annotation\jakarta.annotation-api\1.3.5\jakarta.annotation-api-1.3.5.jar;C:\Users\pedro\.m2\repository\org\apache\tomcat\embed\tomcat-embed-core\9.0.74\tomcat-embed-core-9.0.74.jar;C:\Users\pedro\.m2\repository\org\apache\tomcat\embed\tomcat-embed-el\9.0.74\tomcat-embed-el-9.0.74.jar;C:\Users\pedro\.m2\repository\org\apache\tomcat\embed\tomcat-embed-websocket\9.0.74\tomcat-embed-websocket-9.0.74.jar;C:\Users\pedro\.m2\repository\jakarta\xml\bind\jakarta.xml.bind-api\2.3.3\jakarta.xml.bind-api-2.3.3.jar;C:\Users\pedro\.m2\repository\jakarta\activation\jakarta.activation-api\1.2.2\jakarta.activation-api-1.2.2.jar;C:\Users\pedro\.m2\repository\org\springframework\spring-core\5.3.27\spring-core-5.3.27.jar;C:\Users\pedro\.m2\repository\org\springframework\spring-jcl\5.3.27\spring-jcl-5.3.27.jar;C:\Users\pedro\.m2\repository\com\sun\mail\javax.mail\1.6.2\javax.mail-1.6.2.jar;C:\Users\pedro\.m2\repository\javax\activation\activation\1.1\activation-1.1.jar;C:\Users\pedro\.m2\repository\org\hibernate\hibernate-entitymanager\5.3.7.Final\hibernate-entitymanager-5.3.7.Final.jar;C:\Users\pedro\.m2\repository\org\jboss\logging\jboss-logging\3.4.3.Final\jboss-logging-3.4.3.Final.jar;C:\Users\pedro\.m2\repository\org\hibernate\hibernate-core\5.6.15.Final\hibernate-core-5.6.15.Final.jar;C:\Users\pedro\.m2\repository\antlr\antlr\2.7.7\antlr-2.7.7.jar;C:\Users\pedro\.m2\repository\org\jboss\jandex\2.4.2.Final\jandex-2.4.2.Final.jar;C:\Users\pedro\.m2\repository\com\fasterxml\classmate\1.5.1\classmate-1.5.1.jar;C:\Users\pedro\.m2\repository\javax\activation\javax.activation-api\1.2.0\javax.activation-api-1.2.0.jar;C:\Users\pedro\.m2\repository\javax\xml\bind\jaxb-api\2.3.1\jaxb-api-2.3.1.jar;C:\Users\pedro\.m2\repository\org\glassfish\jaxb\jaxb-runtime\2.3.8\jaxb-runtime-2.3.8.jar;C:\Users\pedro\.m2\repository\org\glassfish\jaxb\txw2\2.3.8\txw2-2.3.8.jar;C:\Users\pedro\.m2\repository\com\sun\istack\istack-commons-runtime\3.0.12\istack-commons-runtime-3.0.12.jar;C:\Users\pedro\.m2\repository\com\sun\activation\jakarta.activation\1.2.2\jakarta.activation-1.2.2.jar;C:\Users\pedro\.m2\repository\org\dom4j\dom4j\2.1.1\dom4j-2.1.1.jar;C:\Users\pedro\.m2\repository\org\hibernate\common\hibernate-commons-annotations\5.0.4.Final\hibernate-commons-annotations-5.0.4.Final.jar;C:\Users\pedro\.m2\repository\net\bytebuddy\byte-buddy\1.12.23\byte-buddy-1.12.23.jar;C:\Users\pedro\.m2\repository\org\jboss\spec\javax\transaction\jboss-transaction-api_1.2_spec\1.1.1.Final\jboss-transaction-api_1.2_spec-1.1.1.Final.jar;C:\Users\pedro\.m2\repository\com\mysql\mysql-connector-j\8.0.33\mysql-connector-j-8.0.33.jar;C:\Users\pedro\.m2\repository\com\itextpdf\kernel\7.1.14\kernel-7.1.14.jar;C:\Users\pedro\.m2\repository\com\itextpdf\io\7.1.14\io-7.1.14.jar;C:\Users\pedro\.m2\repository\org\bouncycastle\bcpkix-jdk15on\1.67\bcpkix-jdk15on-1.67.jar;C:\Users\pedro\.m2\repository\org\bouncycastle\bcprov-jdk15on\1.67\bcprov-jdk15on-1.67.jar;C:\Users\pedro\.m2\repository\org\slf4j\slf4j-api\1.7.36\slf4j-api-1.7.36.jar;C:\Users\pedro\.m2\repository\com\itextpdf\html2pdf\3.0.3\html2pdf-3.0.3.jar;C:\Users\pedro\.m2\repository\com\itextpdf\forms\7.1.14\forms-7.1.14.jar;C:\Users\pedro\.m2\repository\com\itextpdf\layout\7.1.14\layout-7.1.14.jar;C:\Users\pedro\.m2\repository\com\itextpdf\svg\7.1.14\svg-7.1.14.jar;C:\Users\pedro\.m2\repository\com\itextpdf\styled-xml-parser\7.1.14\styled-xml-parser-7.1.14.jar;C:\Users\pedro\.m2\repository\org\apache\httpcomponents\httpclient\4.5.2\httpclient-4.5.2.jar;C:\Users\pedro\.m2\repository\org\apache\httpcomponents\httpcore\4.4.16\httpcore-4.4.16.jar;C:\Users\pedro\.m2\repository\commons-codec\commons-codec\1.15\commons-codec-1.15.jar;C:\Users\pedro\.m2\repository\com\fasterxml\jackson\datatype\jackson-datatype-jsr310\2.13.5\jackson-datatype-jsr310-2.13.5.jar;C:\Users\pedro\.m2\repository\com\fasterxml\jackson\core\jackson-annotations\2.13.5\jackson-annotations-2.13.5.jar;C:\Users\pedro\.m2\repository\com\fasterxml\jackson\core\jackson-core\2.13.5\jackson-core-2.13.5.jar;C:\Users\pedro\.m2\repository\com\fasterxml\jackson\core\jackson-databind\2.13.5\jackson-databind-2.13.5.jar;C:\Users\pedro\.m2\repository\org\springframework\boot\spring-boot-devtools\2.7.11\spring-boot-devtools-2.7.11.jar;C:\Users\pedro\.m2\repository\org\springframework\boot\spring-boot\2.7.11\spring-boot-2.7.11.jar;C:\Users\pedro\.m2\repository\org\springframework\boot\spring-boot-autoconfigure\2.7.11\spring-boot-autoconfigure-2.7.11.jar
Launcher Type: SUN_STANDARD

[Global flags]
     intx CICompilerCount                          = 4                                         {product} {ergonomic}
     uint ConcGCThreads                            = 2                                         {product} {ergonomic}
     uint G1ConcRefinementThreads                  = 8                                         {product} {ergonomic}
   size_t G1HeapRegionSize                         = 2097152                                   {product} {ergonomic}
    uintx GCDrainStackTargetSize                   = 64                                        {product} {ergonomic}
   size_t InitialHeapSize                          = 266338304                                 {product} {ergonomic}
     bool ManagementServer                         = true                                      {product} {command line}
   size_t MarkStackSize                            = 4194304                                   {product} {ergonomic}
   size_t MaxHeapSize                              = 4242538496                                {product} {ergonomic}
   size_t MaxNewSize                               = 2543845376                                {product} {ergonomic}
   size_t MinHeapDeltaBytes                        = 2097152                                   {product} {ergonomic}
   size_t MinHeapSize                              = 8388608                                   {product} {ergonomic}
    uintx NonProfiledCodeHeapSize                  = 0                                      {pd product} {ergonomic}
     bool ProfileInterpreter                       = false                                  {pd product} {command line}
    uintx ProfiledCodeHeapSize                     = 0                                      {pd product} {ergonomic}
     bool ShowCodeDetailsInExceptionMessages       = true                                   {manageable} {command line}
   size_t SoftMaxHeapSize                          = 4242538496                             {manageable} {ergonomic}
     intx TieredStopAtLevel                        = 1                                         {product} {command line}
     bool UseCompressedClassPointers               = true                           {product lp64_product} {ergonomic}
     bool UseCompressedOops                        = true                           {product lp64_product} {ergonomic}
     bool UseG1GC                                  = true                                      {product} {ergonomic}
     bool UseLargePagesIndividualAllocation        = false                                  {pd product} {ergonomic}

Logging:
Log output configuration:
 #0: stdout all=warning uptime,level,tags foldmultilines=false
 #1: stderr all=off uptime,level,tags foldmultilines=false

Environment Variables:
JAVA_HOME=C:\Curso\java\jdk-20
PATH=C:/Curso/java/jdk-20/bin/server;C:/Curso/java/jdk-20/bin;C:\Program Files (x86)\Common Files\Oracle\Java\javapath;C:\WINDOWS\system32;C:\WINDOWS;C:\WINDOWS\System32\Wbem;C:\WINDOWS\System32\WindowsPowerShell\v1.0\;C:\WINDOWS\System32\OpenSSH\;C:\Program Files\nodejs\;C:\Program Files\Docker\Docker\resources\bin;C:\ProgramData\DockerDesktop\version-bin;C:\Programas\gradle-8.1\bin;C:\Program Files\Git\cmd;C:\Program Files\dotnet\;C:\Programas\vault;C:\xampp\php;C:\composer;C:\Users\pedro\AppData\Local\Microsoft\WindowsApps;C:\Users\pedro\AppData\Roaming\npm;C:\Users\pedro\AppData\Local\GitHubDesktop\bin;C:\Users\pedro\AppData\Local\Programs\Microsoft VS Code\bin;C:\Curso\java\jdk-20\bin;C:\Users\pedro\.dotnet\tools;C:\Users\pedro\AppData\Roaming\Composer\vendor\bin;;C:\Users\pedro\Desktop;
USERNAME=pedro
OS=Windows_NT
PROCESSOR_IDENTIFIER=Intel64 Family 6 Model 142 Stepping 12, GenuineIntel
TMP=C:\Users\pedro\AppData\Local\Temp
TEMP=C:\Users\pedro\AppData\Local\Temp




---------------  S Y S T E M  ---------------

OS:
 Windows 11 , 64 bit Build 26100 (10.0.26100.1)
OS uptime: 9 days 7:35 hours
Hyper-V role detected

CPU: total 8 (initial active 8) (4 cores per cpu, 2 threads per core) family 6 model 142 stepping 12 microcode 0xec, cx8, cmov, fxsr, ht, mmx, 3dnowpref, sse, sse2, sse3, ssse3, sse4.1, sse4.2, popcnt, lzcnt, tsc, tscinvbit, avx, avx2, aes, erms, clmul, bmi1, bmi2, adx, fma, vzeroupper, clflush, clflushopt, hv, rdtscp, f16c

Memory: 4k page, system-wide physical 16180M (2071M free)
TotalPageFile size 34854M (AvailPageFile size 5314M)
current process WorkingSet (physical memory assigned to process): 404M, peak: 419M
current process commit charge ("private bytes"): 476M, peak: 505M

vm_info: OpenJDK 64-Bit Server VM (20+36-2344) for windows-amd64 JRE (20+36-2344), built on 2023-02-10T19:30:15Z by "mach5one" with MS VC++ 17.1 (VS2022)

END.
